<?xml version="1.0" encoding="UTF-8" ?>
<testsuite tests="1" failures="1" name="com.airhacks.doit.business.reminders.boundary.TodosResourceIT" time="0.169" errors="0" skipped="0">
  <properties>
    <property name="java.runtime.name" value="Java(TM) SE Runtime Environment"/>
    <property name="java.vm.version" value="12.0.1+12"/>
    <property name="sun.boot.library.path" value="/Library/Java/JavaVirtualMachines/jdk-12.0.1.jdk/Contents/Home/lib"/>
    <property name="maven.multiModuleProjectDirectory" value="/Users/jabroni/NetBeansProjects/doit-st"/>
    <property name="java.vm.vendor" value="Oracle Corporation"/>
    <property name="java.vendor.url" value="https://java.oracle.com/"/>
    <property name="guice.disable.misplaced.annotation.check" value="true"/>
    <property name="path.separator" value=":"/>
    <property name="java.vm.name" value="Java HotSpot(TM) 64-Bit Server VM"/>
    <property name="user.country" value="PT"/>
    <property name="sun.java.launcher" value="SUN_STANDARD"/>
    <property name="test" value="com.airhacks.doit.business.reminders.boundary.TodosResourceIT#createToDoWithHighPriorityWithoutDescription"/>
    <property name="java.vm.specification.name" value="Java Virtual Machine Specification"/>
    <property name="user.dir" value="/Users/jabroni/NetBeansProjects/doit-st"/>
    <property name="java.vm.compressedOopsMode" value="Zero based"/>
    <property name="java.runtime.version" value="12.0.1+12"/>
    <property name="java.awt.graphicsenv" value="sun.awt.CGraphicsEnvironment"/>
    <property name="os.arch" value="x86_64"/>
    <property name="java.io.tmpdir" value="/var/folders/gy/_d2s7rsj7qlg45jg1ngkdgnh0000gn/T/"/>
    <property name="line.separator" value="
"/>
    <property name="java.vm.specification.vendor" value="Oracle Corporation"/>
    <property name="os.name" value="Mac OS X"/>
    <property name="maven.ext.class.path" value="/Applications/NetBeans/NetBeans 11.app/Contents/Resources/NetBeans/java/maven-nblib/netbeans-eventspy.jar"/>
    <property name="classworlds.conf" value="/Applications/NetBeans/NetBeans 11.app/Contents/Resources/NetBeans/java/maven/bin/m2.conf"/>
    <property name="sun.jnu.encoding" value="UTF-8"/>
    <property name="java.library.path" value="/Users/jabroni/Library/Java/Extensions:/Library/Java/Extensions:/Network/Library/Java/Extensions:/System/Library/Java/Extensions:/usr/lib/java:."/>
    <property name="jdk.debug" value="release"/>
    <property name="java.class.version" value="56.0"/>
    <property name="java.specification.name" value="Java Platform API Specification"/>
    <property name="sun.management.compiler" value="HotSpot 64-Bit Tiered Compilers"/>
    <property name="os.version" value="10.13.6"/>
    <property name="http.nonProxyHosts" value="local|*.local|169.254/16|*.169.254/16"/>
    <property name="user.home" value="/Users/jabroni"/>
    <property name="user.timezone" value="Europe/Lisbon"/>
    <property name="file.encoding" value="UTF-8"/>
    <property name="java.specification.version" value="12"/>
    <property name="user.name" value="jabroni"/>
    <property name="java.class.path" value="/Applications/NetBeans/NetBeans 11.app/Contents/Resources/NetBeans/java/maven/boot/plexus-classworlds-2.5.2.jar"/>
    <property name="java.vm.specification.version" value="12"/>
    <property name="sun.arch.data.model" value="64"/>
    <property name="sun.java.command" value="org.codehaus.plexus.classworlds.launcher.Launcher -Dtest=com.airhacks.doit.business.reminders.boundary.TodosResourceIT#createToDoWithHighPriorityWithoutDescription -Dmaven.ext.class.path=/Applications/NetBeans/NetBeans 11.app/Contents/Resources/NetBeans/java/maven-nblib/netbeans-eventspy.jar surefire:test"/>
    <property name="java.home" value="/Library/Java/JavaVirtualMachines/jdk-12.0.1.jdk/Contents/Home"/>
    <property name="user.language" value="en"/>
    <property name="java.specification.vendor" value="Oracle Corporation"/>
    <property name="awt.toolkit" value="sun.lwawt.macosx.LWCToolkit"/>
    <property name="java.vm.info" value="mixed mode, sharing"/>
    <property name="java.version" value="12.0.1"/>
    <property name="java.vendor" value="Oracle Corporation"/>
    <property name="maven.home" value="/Applications/NetBeans/NetBeans 11.app/Contents/Resources/NetBeans/java/maven"/>
    <property name="file.separator" value="/"/>
    <property name="java.version.date" value="2019-04-16"/>
    <property name="java.vendor.url.bug" value="https://bugreport.java.com/bugreport/"/>
    <property name="sun.io.unicode.encoding" value="UnicodeBig"/>
    <property name="sun.cpu.endian" value="little"/>
    <property name="socksNonProxyHosts" value="local|*.local|169.254/16|*.169.254/16"/>
    <property name="ftp.nonProxyHosts" value="local|*.local|169.254/16|*.169.254/16"/>
  </properties>
  <testcase classname="com.airhacks.doit.business.reminders.boundary.TodosResourceIT" name="createToDoWithHighPriorityWithoutDescription" time="0.169">
    <failure message="
Expected: is &lt;201&gt;
     but: was &lt;400&gt;" type="java.lang.AssertionError">java.lang.AssertionError: 
Expected: is &lt;201&gt;
     but: was &lt;400&gt;
	at org.hamcrest.MatcherAssert.assertThat(MatcherAssert.java:20)
	at org.junit.Assert.assertThat(Assert.java:956)
	at org.junit.Assert.assertThat(Assert.java:923)
	at com.airhacks.doit.business.reminders.boundary.TodosResourceIT.createToDoWithHighPriorityWithoutDescription(TodosResourceIT.java:113)
	at java.base/jdk.internal.reflect.NativeMethodAccessorImpl.invoke0(Native Method)
	at java.base/jdk.internal.reflect.NativeMethodAccessorImpl.invoke(NativeMethodAccessorImpl.java:62)
	at java.base/jdk.internal.reflect.DelegatingMethodAccessorImpl.invoke(DelegatingMethodAccessorImpl.java:43)
	at java.base/java.lang.reflect.Method.invoke(Method.java:567)
	at org.junit.runners.model.FrameworkMethod$1.runReflectiveCall(FrameworkMethod.java:50)
	at org.junit.internal.runners.model.ReflectiveCallable.run(ReflectiveCallable.java:12)
	at org.junit.runners.model.FrameworkMethod.invokeExplosively(FrameworkMethod.java:47)
	at org.junit.internal.runners.statements.InvokeMethod.evaluate(InvokeMethod.java:17)
	at com.airhacks.rulz.jaxrsclient.JAXRSClientProvider$1.evaluate(JAXRSClientProvider.java:61)
	at org.junit.rules.RunRules.evaluate(RunRules.java:20)
	at org.junit.runners.ParentRunner.runLeaf(ParentRunner.java:325)
	at org.junit.runners.BlockJUnit4ClassRunner.runChild(BlockJUnit4ClassRunner.java:78)
	at org.junit.runners.BlockJUnit4ClassRunner.runChild(BlockJUnit4ClassRunner.java:57)
	at org.junit.runners.ParentRunner$3.run(ParentRunner.java:290)
	at org.junit.runners.ParentRunner$1.schedule(ParentRunner.java:71)
	at org.junit.runners.ParentRunner.runChildren(ParentRunner.java:288)
	at org.junit.runners.ParentRunner.access$000(ParentRunner.java:58)
	at org.junit.runners.ParentRunner$2.evaluate(ParentRunner.java:268)
	at org.junit.runners.ParentRunner.run(ParentRunner.java:363)
	at org.apache.maven.surefire.junit4.JUnit4Provider.execute(JUnit4Provider.java:242)
	at org.apache.maven.surefire.junit4.JUnit4Provider.executeTestSet(JUnit4Provider.java:137)
	at org.apache.maven.surefire.junit4.JUnit4Provider.invoke(JUnit4Provider.java:112)
	at java.base/jdk.internal.reflect.NativeMethodAccessorImpl.invoke0(Native Method)
	at java.base/jdk.internal.reflect.NativeMethodAccessorImpl.invoke(NativeMethodAccessorImpl.java:62)
	at java.base/jdk.internal.reflect.DelegatingMethodAccessorImpl.invoke(DelegatingMethodAccessorImpl.java:43)
	at java.base/java.lang.reflect.Method.invoke(Method.java:567)
	at org.apache.maven.surefire.util.ReflectionUtils.invokeMethodWithArray(ReflectionUtils.java:189)
	at org.apache.maven.surefire.booter.ProviderFactory$ProviderProxy.invoke(ProviderFactory.java:165)
	at org.apache.maven.surefire.booter.ProviderFactory.invokeProvider(ProviderFactory.java:85)
	at org.apache.maven.surefire.booter.ForkedBooter.runSuitesInProcess(ForkedBooter.java:115)
	at org.apache.maven.surefire.booter.ForkedBooter.main(ForkedBooter.java:75)
</failure>
    <system-err>Jul 27, 2019 10:23:28 PM org.glassfish.jersey.internal.Errors logErrors
WARNING: The following warnings have been detected: WARNING: HK2 service reification failed for [org.glassfish.jersey.message.internal.DataSourceProvider] with an exception:
MultiException stack 1 of 2
java.lang.NoClassDefFoundError: javax/activation/DataSource
	at java.base/java.lang.Class.getDeclaredConstructors0(Native Method)
	at java.base/java.lang.Class.privateGetDeclaredConstructors(Class.java:3143)
	at java.base/java.lang.Class.getDeclaredConstructors(Class.java:2363)
	at org.jvnet.hk2.internal.Utilities$3.run(Utilities.java:1310)
	at org.jvnet.hk2.internal.Utilities$3.run(Utilities.java:1306)
	at java.base/java.security.AccessController.doPrivileged(AccessController.java:310)
	at org.jvnet.hk2.internal.Utilities.getAllConstructors(Utilities.java:1306)
	at org.jvnet.hk2.internal.Utilities.findProducerConstructor(Utilities.java:1249)
	at org.jvnet.hk2.internal.DefaultClassAnalyzer.getConstructor(DefaultClassAnalyzer.java:82)
	at org.glassfish.jersey.internal.inject.JerseyClassAnalyzer.getConstructor(JerseyClassAnalyzer.java:144)
	at org.jvnet.hk2.internal.Utilities.getConstructor(Utilities.java:180)
	at org.jvnet.hk2.internal.ClazzCreator.initialize(ClazzCreator.java:129)
	at org.jvnet.hk2.internal.ClazzCreator.initialize(ClazzCreator.java:182)
	at org.jvnet.hk2.internal.SystemDescriptor.internalReify(SystemDescriptor.java:723)
	at org.jvnet.hk2.internal.SystemDescriptor.reify(SystemDescriptor.java:678)
	at org.jvnet.hk2.internal.ServiceLocatorImpl.reifyDescriptor(ServiceLocatorImpl.java:416)
	at org.jvnet.hk2.internal.ServiceLocatorImpl.narrow(ServiceLocatorImpl.java:2146)
	at org.jvnet.hk2.internal.ServiceLocatorImpl.access$1000(ServiceLocatorImpl.java:120)
	at org.jvnet.hk2.internal.ServiceLocatorImpl$9.compute(ServiceLocatorImpl.java:1281)
	at org.jvnet.hk2.internal.ServiceLocatorImpl$9.compute(ServiceLocatorImpl.java:1276)
	at org.glassfish.hk2.utilities.cache.LRUHybridCache$OriginThreadAwareFuture$1.call(LRUHybridCache.java:115)
	at org.glassfish.hk2.utilities.cache.LRUHybridCache$OriginThreadAwareFuture$1.call(LRUHybridCache.java:111)
	at java.base/java.util.concurrent.FutureTask.run(FutureTask.java:264)
	at org.glassfish.hk2.utilities.cache.LRUHybridCache$OriginThreadAwareFuture.run(LRUHybridCache.java:173)
	at org.glassfish.hk2.utilities.cache.LRUHybridCache.compute(LRUHybridCache.java:292)
	at org.jvnet.hk2.internal.ServiceLocatorImpl.internalGetAllServiceHandles(ServiceLocatorImpl.java:1354)
	at org.jvnet.hk2.internal.ServiceLocatorImpl.getAllServiceHandles(ServiceLocatorImpl.java:1263)
	at org.jvnet.hk2.internal.ServiceLocatorImpl.getAllServiceHandles(ServiceLocatorImpl.java:1252)
	at org.glassfish.jersey.internal.inject.Providers.getServiceHandles(Providers.java:354)
	at org.glassfish.jersey.internal.inject.Providers.getCustomProviders(Providers.java:201)
	at org.glassfish.jersey.message.internal.MessageBodyFactory.&lt;init&gt;(MessageBodyFactory.java:221)
	at java.base/jdk.internal.reflect.NativeConstructorAccessorImpl.newInstance0(Native Method)
	at java.base/jdk.internal.reflect.NativeConstructorAccessorImpl.newInstance(NativeConstructorAccessorImpl.java:62)
	at java.base/jdk.internal.reflect.DelegatingConstructorAccessorImpl.newInstance(DelegatingConstructorAccessorImpl.java:45)
	at java.base/java.lang.reflect.Constructor.newInstanceWithCaller(Constructor.java:500)
	at java.base/java.lang.reflect.Constructor.newInstance(Constructor.java:481)
	at org.glassfish.hk2.utilities.reflection.ReflectionHelper.makeMe(ReflectionHelper.java:1129)
	at org.jvnet.hk2.internal.ClazzCreator.createMe(ClazzCreator.java:274)
	at org.jvnet.hk2.internal.ClazzCreator.create(ClazzCreator.java:368)
	at org.jvnet.hk2.internal.SystemDescriptor.create(SystemDescriptor.java:471)
	at org.jvnet.hk2.internal.SingletonContext$1.compute(SingletonContext.java:82)
	at org.jvnet.hk2.internal.SingletonContext$1.compute(SingletonContext.java:70)
	at org.glassfish.hk2.utilities.cache.Cache$OriginThreadAwareFuture$1.call(Cache.java:97)
	at java.base/java.util.concurrent.FutureTask.run(FutureTask.java:264)
	at org.glassfish.hk2.utilities.cache.Cache$OriginThreadAwareFuture.run(Cache.java:154)
	at org.glassfish.hk2.utilities.cache.Cache.compute(Cache.java:199)
	at org.jvnet.hk2.internal.SingletonContext.findOrCreate(SingletonContext.java:121)
	at org.jvnet.hk2.internal.Utilities.createService(Utilities.java:2064)
	at org.jvnet.hk2.internal.ServiceLocatorImpl.internalGetService(ServiceLocatorImpl.java:711)
	at org.jvnet.hk2.internal.ServiceLocatorImpl.getService(ServiceLocatorImpl.java:661)
	at org.jvnet.hk2.internal.IterableProviderImpl.get(IterableProviderImpl.java:108)
	at org.glassfish.jersey.client.RequestProcessingInitializationStage.apply(RequestProcessingInitializationStage.java:97)
	at org.glassfish.jersey.client.RequestProcessingInitializationStage.apply(RequestProcessingInitializationStage.java:67)
	at org.glassfish.jersey.process.internal.Stages$LinkedStage.apply(Stages.java:308)
	at org.glassfish.jersey.process.internal.Stages.process(Stages.java:171)
	at org.glassfish.jersey.client.ClientRuntime.invoke(ClientRuntime.java:245)
	at org.glassfish.jersey.client.JerseyInvocation$1.call(JerseyInvocation.java:671)
	at org.glassfish.jersey.client.JerseyInvocation$1.call(JerseyInvocation.java:668)
	at org.glassfish.jersey.internal.Errors.process(Errors.java:315)
	at org.glassfish.jersey.internal.Errors.process(Errors.java:297)
	at org.glassfish.jersey.internal.Errors.process(Errors.java:228)
	at org.glassfish.jersey.process.internal.RequestScope.runInScope(RequestScope.java:444)
	at org.glassfish.jersey.client.JerseyInvocation.invoke(JerseyInvocation.java:668)
	at org.glassfish.jersey.client.JerseyInvocation$Builder.method(JerseyInvocation.java:428)
	at org.glassfish.jersey.client.JerseyInvocation$Builder.post(JerseyInvocation.java:334)
	at com.airhacks.doit.business.reminders.boundary.TodosResourceIT.createToDoWithHighPriorityWithoutDescription(TodosResourceIT.java:112)
	at java.base/jdk.internal.reflect.NativeMethodAccessorImpl.invoke0(Native Method)
	at java.base/jdk.internal.reflect.NativeMethodAccessorImpl.invoke(NativeMethodAccessorImpl.java:62)
	at java.base/jdk.internal.reflect.DelegatingMethodAccessorImpl.invoke(DelegatingMethodAccessorImpl.java:43)
	at java.base/java.lang.reflect.Method.invoke(Method.java:567)
	at org.junit.runners.model.FrameworkMethod$1.runReflectiveCall(FrameworkMethod.java:50)
	at org.junit.internal.runners.model.ReflectiveCallable.run(ReflectiveCallable.java:12)
	at org.junit.runners.model.FrameworkMethod.invokeExplosively(FrameworkMethod.java:47)
	at org.junit.internal.runners.statements.InvokeMethod.evaluate(InvokeMethod.java:17)
	at com.airhacks.rulz.jaxrsclient.JAXRSClientProvider$1.evaluate(JAXRSClientProvider.java:61)
	at org.junit.rules.RunRules.evaluate(RunRules.java:20)
	at org.junit.runners.ParentRunner.runLeaf(ParentRunner.java:325)
	at org.junit.runners.BlockJUnit4ClassRunner.runChild(BlockJUnit4ClassRunner.java:78)
	at org.junit.runners.BlockJUnit4ClassRunner.runChild(BlockJUnit4ClassRunner.java:57)
	at org.junit.runners.ParentRunner$3.run(ParentRunner.java:290)
	at org.junit.runners.ParentRunner$1.schedule(ParentRunner.java:71)
	at org.junit.runners.ParentRunner.runChildren(ParentRunner.java:288)
	at org.junit.runners.ParentRunner.access$000(ParentRunner.java:58)
	at org.junit.runners.ParentRunner$2.evaluate(ParentRunner.java:268)
	at org.junit.runners.ParentRunner.run(ParentRunner.java:363)
	at org.apache.maven.surefire.junit4.JUnit4Provider.execute(JUnit4Provider.java:242)
	at org.apache.maven.surefire.junit4.JUnit4Provider.executeTestSet(JUnit4Provider.java:137)
	at org.apache.maven.surefire.junit4.JUnit4Provider.invoke(JUnit4Provider.java:112)
	at java.base/jdk.internal.reflect.NativeMethodAccessorImpl.invoke0(Native Method)
	at java.base/jdk.internal.reflect.NativeMethodAccessorImpl.invoke(NativeMethodAccessorImpl.java:62)
	at java.base/jdk.internal.reflect.DelegatingMethodAccessorImpl.invoke(DelegatingMethodAccessorImpl.java:43)
	at java.base/java.lang.reflect.Method.invoke(Method.java:567)
	at org.apache.maven.surefire.util.ReflectionUtils.invokeMethodWithArray(ReflectionUtils.java:189)
	at org.apache.maven.surefire.booter.ProviderFactory$ProviderProxy.invoke(ProviderFactory.java:165)
	at org.apache.maven.surefire.booter.ProviderFactory.invokeProvider(ProviderFactory.java:85)
	at org.apache.maven.surefire.booter.ForkedBooter.runSuitesInProcess(ForkedBooter.java:115)
	at org.apache.maven.surefire.booter.ForkedBooter.main(ForkedBooter.java:75)
Caused by: java.lang.ClassNotFoundException: javax.activation.DataSource
	at java.base/jdk.internal.loader.BuiltinClassLoader.loadClass(BuiltinClassLoader.java:583)
	at java.base/jdk.internal.loader.ClassLoaders$AppClassLoader.loadClass(ClassLoaders.java:178)
	at java.base/java.lang.ClassLoader.loadClass(ClassLoader.java:521)
	... 97 more
MultiException stack 2 of 2
java.lang.IllegalArgumentException: Errors were discovered while reifying SystemDescriptor(
	implementation=org.glassfish.jersey.message.internal.DataSourceProvider
	contracts={javax.ws.rs.ext.MessageBodyReader,javax.ws.rs.ext.MessageBodyWriter}
	scope=javax.inject.Singleton
	qualifiers={}
	descriptorType=CLASS
	descriptorVisibility=NORMAL
	metadata=
	rank=0
	loader=org.glassfish.hk2.utilities.binding.AbstractBinder$2@482bce4f
	proxiable=null
	proxyForSameScope=null
	analysisName=null
	id=11
	locatorId=1
	identityHashCode=912672706
	reified=false)
	at org.jvnet.hk2.internal.SystemDescriptor.reify(SystemDescriptor.java:689)
	at org.jvnet.hk2.internal.ServiceLocatorImpl.reifyDescriptor(ServiceLocatorImpl.java:416)
	at org.jvnet.hk2.internal.ServiceLocatorImpl.narrow(ServiceLocatorImpl.java:2146)
	at org.jvnet.hk2.internal.ServiceLocatorImpl.access$1000(ServiceLocatorImpl.java:120)
	at org.jvnet.hk2.internal.ServiceLocatorImpl$9.compute(ServiceLocatorImpl.java:1281)
	at org.jvnet.hk2.internal.ServiceLocatorImpl$9.compute(ServiceLocatorImpl.java:1276)
	at org.glassfish.hk2.utilities.cache.LRUHybridCache$OriginThreadAwareFuture$1.call(LRUHybridCache.java:115)
	at org.glassfish.hk2.utilities.cache.LRUHybridCache$OriginThreadAwareFuture$1.call(LRUHybridCache.java:111)
	at java.base/java.util.concurrent.FutureTask.run(FutureTask.java:264)
	at org.glassfish.hk2.utilities.cache.LRUHybridCache$OriginThreadAwareFuture.run(LRUHybridCache.java:173)
	at org.glassfish.hk2.utilities.cache.LRUHybridCache.compute(LRUHybridCache.java:292)
	at org.jvnet.hk2.internal.ServiceLocatorImpl.internalGetAllServiceHandles(ServiceLocatorImpl.java:1354)
	at org.jvnet.hk2.internal.ServiceLocatorImpl.getAllServiceHandles(ServiceLocatorImpl.java:1263)
	at org.jvnet.hk2.internal.ServiceLocatorImpl.getAllServiceHandles(ServiceLocatorImpl.java:1252)
	at org.glassfish.jersey.internal.inject.Providers.getServiceHandles(Providers.java:354)
	at org.glassfish.jersey.internal.inject.Providers.getCustomProviders(Providers.java:201)
	at org.glassfish.jersey.message.internal.MessageBodyFactory.&lt;init&gt;(MessageBodyFactory.java:221)
	at java.base/jdk.internal.reflect.NativeConstructorAccessorImpl.newInstance0(Native Method)
	at java.base/jdk.internal.reflect.NativeConstructorAccessorImpl.newInstance(NativeConstructorAccessorImpl.java:62)
	at java.base/jdk.internal.reflect.DelegatingConstructorAccessorImpl.newInstance(DelegatingConstructorAccessorImpl.java:45)
	at java.base/java.lang.reflect.Constructor.newInstanceWithCaller(Constructor.java:500)
	at java.base/java.lang.reflect.Constructor.newInstance(Constructor.java:481)
	at org.glassfish.hk2.utilities.reflection.ReflectionHelper.makeMe(ReflectionHelper.java:1129)
	at org.jvnet.hk2.internal.ClazzCreator.createMe(ClazzCreator.java:274)
	at org.jvnet.hk2.internal.ClazzCreator.create(ClazzCreator.java:368)
	at org.jvnet.hk2.internal.SystemDescriptor.create(SystemDescriptor.java:471)
	at org.jvnet.hk2.internal.SingletonContext$1.compute(SingletonContext.java:82)
	at org.jvnet.hk2.internal.SingletonContext$1.compute(SingletonContext.java:70)
	at org.glassfish.hk2.utilities.cache.Cache$OriginThreadAwareFuture$1.call(Cache.java:97)
	at java.base/java.util.concurrent.FutureTask.run(FutureTask.java:264)
	at org.glassfish.hk2.utilities.cache.Cache$OriginThreadAwareFuture.run(Cache.java:154)
	at org.glassfish.hk2.utilities.cache.Cache.compute(Cache.java:199)
	at org.jvnet.hk2.internal.SingletonContext.findOrCreate(SingletonContext.java:121)
	at org.jvnet.hk2.internal.Utilities.createService(Utilities.java:2064)
	at org.jvnet.hk2.internal.ServiceLocatorImpl.internalGetService(ServiceLocatorImpl.java:711)
	at org.jvnet.hk2.internal.ServiceLocatorImpl.getService(ServiceLocatorImpl.java:661)
	at org.jvnet.hk2.internal.IterableProviderImpl.get(IterableProviderImpl.java:108)
	at org.glassfish.jersey.client.RequestProcessingInitializationStage.apply(RequestProcessingInitializationStage.java:97)
	at org.glassfish.jersey.client.RequestProcessingInitializationStage.apply(RequestProcessingInitializationStage.java:67)
	at org.glassfish.jersey.process.internal.Stages$LinkedStage.apply(Stages.java:308)
	at org.glassfish.jersey.process.internal.Stages.process(Stages.java:171)
	at org.glassfish.jersey.client.ClientRuntime.invoke(ClientRuntime.java:245)
	at org.glassfish.jersey.client.JerseyInvocation$1.call(JerseyInvocation.java:671)
	at org.glassfish.jersey.client.JerseyInvocation$1.call(JerseyInvocation.java:668)
	at org.glassfish.jersey.internal.Errors.process(Errors.java:315)
	at org.glassfish.jersey.internal.Errors.process(Errors.java:297)
	at org.glassfish.jersey.internal.Errors.process(Errors.java:228)
	at org.glassfish.jersey.process.internal.RequestScope.runInScope(RequestScope.java:444)
	at org.glassfish.jersey.client.JerseyInvocation.invoke(JerseyInvocation.java:668)
	at org.glassfish.jersey.client.JerseyInvocation$Builder.method(JerseyInvocation.java:428)
	at org.glassfish.jersey.client.JerseyInvocation$Builder.post(JerseyInvocation.java:334)
	at com.airhacks.doit.business.reminders.boundary.TodosResourceIT.createToDoWithHighPriorityWithoutDescription(TodosResourceIT.java:112)
	at java.base/jdk.internal.reflect.NativeMethodAccessorImpl.invoke0(Native Method)
	at java.base/jdk.internal.reflect.NativeMethodAccessorImpl.invoke(NativeMethodAccessorImpl.java:62)
	at java.base/jdk.internal.reflect.DelegatingMethodAccessorImpl.invoke(DelegatingMethodAccessorImpl.java:43)
	at java.base/java.lang.reflect.Method.invoke(Method.java:567)
	at org.junit.runners.model.FrameworkMethod$1.runReflectiveCall(FrameworkMethod.java:50)
	at org.junit.internal.runners.model.ReflectiveCallable.run(ReflectiveCallable.java:12)
	at org.junit.runners.model.FrameworkMethod.invokeExplosively(FrameworkMethod.java:47)
	at org.junit.internal.runners.statements.InvokeMethod.evaluate(InvokeMethod.java:17)
	at com.airhacks.rulz.jaxrsclient.JAXRSClientProvider$1.evaluate(JAXRSClientProvider.java:61)
	at org.junit.rules.RunRules.evaluate(RunRules.java:20)
	at org.junit.runners.ParentRunner.runLeaf(ParentRunner.java:325)
	at org.junit.runners.BlockJUnit4ClassRunner.runChild(BlockJUnit4ClassRunner.java:78)
	at org.junit.runners.BlockJUnit4ClassRunner.runChild(BlockJUnit4ClassRunner.java:57)
	at org.junit.runners.ParentRunner$3.run(ParentRunner.java:290)
	at org.junit.runners.ParentRunner$1.schedule(ParentRunner.java:71)
	at org.junit.runners.ParentRunner.runChildren(ParentRunner.java:288)
	at org.junit.runners.ParentRunner.access$000(ParentRunner.java:58)
	at org.junit.runners.ParentRunner$2.evaluate(ParentRunner.java:268)
	at org.junit.runners.ParentRunner.run(ParentRunner.java:363)
	at org.apache.maven.surefire.junit4.JUnit4Provider.execute(JUnit4Provider.java:242)
	at org.apache.maven.surefire.junit4.JUnit4Provider.executeTestSet(JUnit4Provider.java:137)
	at org.apache.maven.surefire.junit4.JUnit4Provider.invoke(JUnit4Provider.java:112)
	at java.base/jdk.internal.reflect.NativeMethodAccessorImpl.invoke0(Native Method)
	at java.base/jdk.internal.reflect.NativeMethodAccessorImpl.invoke(NativeMethodAccessorImpl.java:62)
	at java.base/jdk.internal.reflect.DelegatingMethodAccessorImpl.invoke(DelegatingMethodAccessorImpl.java:43)
	at java.base/java.lang.reflect.Method.invoke(Method.java:567)
	at org.apache.maven.surefire.util.ReflectionUtils.invokeMethodWithArray(ReflectionUtils.java:189)
	at org.apache.maven.surefire.booter.ProviderFactory$ProviderProxy.invoke(ProviderFactory.java:165)
	at org.apache.maven.surefire.booter.ProviderFactory.invokeProvider(ProviderFactory.java:85)
	at org.apache.maven.surefire.booter.ForkedBooter.runSuitesInProcess(ForkedBooter.java:115)
	at org.apache.maven.surefire.booter.ForkedBooter.main(ForkedBooter.java:75)

WARNING: HK2 service reification failed for [org.glassfish.jersey.message.internal.DataSourceProvider] with an exception:
MultiException stack 1 of 2
java.lang.NoClassDefFoundError: javax/activation/DataSource
	at java.base/java.lang.Class.getDeclaredConstructors0(Native Method)
	at java.base/java.lang.Class.privateGetDeclaredConstructors(Class.java:3143)
	at java.base/java.lang.Class.getDeclaredConstructors(Class.java:2363)
	at org.jvnet.hk2.internal.Utilities$3.run(Utilities.java:1310)
	at org.jvnet.hk2.internal.Utilities$3.run(Utilities.java:1306)
	at java.base/java.security.AccessController.doPrivileged(AccessController.java:310)
	at org.jvnet.hk2.internal.Utilities.getAllConstructors(Utilities.java:1306)
	at org.jvnet.hk2.internal.Utilities.findProducerConstructor(Utilities.java:1249)
	at org.jvnet.hk2.internal.DefaultClassAnalyzer.getConstructor(DefaultClassAnalyzer.java:82)
	at org.glassfish.jersey.internal.inject.JerseyClassAnalyzer.getConstructor(JerseyClassAnalyzer.java:144)
	at org.jvnet.hk2.internal.Utilities.getConstructor(Utilities.java:180)
	at org.jvnet.hk2.internal.ClazzCreator.initialize(ClazzCreator.java:129)
	at org.jvnet.hk2.internal.ClazzCreator.initialize(ClazzCreator.java:182)
	at org.jvnet.hk2.internal.SystemDescriptor.internalReify(SystemDescriptor.java:723)
	at org.jvnet.hk2.internal.SystemDescriptor.reify(SystemDescriptor.java:678)
	at org.jvnet.hk2.internal.ServiceLocatorImpl.reifyDescriptor(ServiceLocatorImpl.java:416)
	at org.jvnet.hk2.internal.ServiceLocatorImpl.narrow(ServiceLocatorImpl.java:2146)
	at org.jvnet.hk2.internal.ServiceLocatorImpl.access$1000(ServiceLocatorImpl.java:120)
	at org.jvnet.hk2.internal.ServiceLocatorImpl$9.compute(ServiceLocatorImpl.java:1281)
	at org.jvnet.hk2.internal.ServiceLocatorImpl$9.compute(ServiceLocatorImpl.java:1276)
	at org.glassfish.hk2.utilities.cache.LRUHybridCache$OriginThreadAwareFuture$1.call(LRUHybridCache.java:115)
	at org.glassfish.hk2.utilities.cache.LRUHybridCache$OriginThreadAwareFuture$1.call(LRUHybridCache.java:111)
	at java.base/java.util.concurrent.FutureTask.run(FutureTask.java:264)
	at org.glassfish.hk2.utilities.cache.LRUHybridCache$OriginThreadAwareFuture.run(LRUHybridCache.java:173)
	at org.glassfish.hk2.utilities.cache.LRUHybridCache.compute(LRUHybridCache.java:292)
	at org.jvnet.hk2.internal.ServiceLocatorImpl.internalGetAllServiceHandles(ServiceLocatorImpl.java:1354)
	at org.jvnet.hk2.internal.ServiceLocatorImpl.getAllServiceHandles(ServiceLocatorImpl.java:1263)
	at org.jvnet.hk2.internal.ServiceLocatorImpl.getAllServiceHandles(ServiceLocatorImpl.java:1252)
	at org.glassfish.jersey.internal.inject.Providers.getServiceHandles(Providers.java:354)
	at org.glassfish.jersey.internal.inject.Providers.getCustomProviders(Providers.java:201)
	at org.glassfish.jersey.message.internal.MessageBodyFactory.&lt;init&gt;(MessageBodyFactory.java:221)
	at java.base/jdk.internal.reflect.NativeConstructorAccessorImpl.newInstance0(Native Method)
	at java.base/jdk.internal.reflect.NativeConstructorAccessorImpl.newInstance(NativeConstructorAccessorImpl.java:62)
	at java.base/jdk.internal.reflect.DelegatingConstructorAccessorImpl.newInstance(DelegatingConstructorAccessorImpl.java:45)
	at java.base/java.lang.reflect.Constructor.newInstanceWithCaller(Constructor.java:500)
	at java.base/java.lang.reflect.Constructor.newInstance(Constructor.java:481)
	at org.glassfish.hk2.utilities.reflection.ReflectionHelper.makeMe(ReflectionHelper.java:1129)
	at org.jvnet.hk2.internal.ClazzCreator.createMe(ClazzCreator.java:274)
	at org.jvnet.hk2.internal.ClazzCreator.create(ClazzCreator.java:368)
	at org.jvnet.hk2.internal.SystemDescriptor.create(SystemDescriptor.java:471)
	at org.jvnet.hk2.internal.SingletonContext$1.compute(SingletonContext.java:82)
	at org.jvnet.hk2.internal.SingletonContext$1.compute(SingletonContext.java:70)
	at org.glassfish.hk2.utilities.cache.Cache$OriginThreadAwareFuture$1.call(Cache.java:97)
	at java.base/java.util.concurrent.FutureTask.run(FutureTask.java:264)
	at org.glassfish.hk2.utilities.cache.Cache$OriginThreadAwareFuture.run(Cache.java:154)
	at org.glassfish.hk2.utilities.cache.Cache.compute(Cache.java:199)
	at org.jvnet.hk2.internal.SingletonContext.findOrCreate(SingletonContext.java:121)
	at org.jvnet.hk2.internal.Utilities.createService(Utilities.java:2064)
	at org.jvnet.hk2.internal.ServiceLocatorImpl.internalGetService(ServiceLocatorImpl.java:711)
	at org.jvnet.hk2.internal.ServiceLocatorImpl.getService(ServiceLocatorImpl.java:661)
	at org.jvnet.hk2.internal.IterableProviderImpl.get(IterableProviderImpl.java:108)
	at org.glassfish.jersey.client.RequestProcessingInitializationStage.apply(RequestProcessingInitializationStage.java:97)
	at org.glassfish.jersey.client.RequestProcessingInitializationStage.apply(RequestProcessingInitializationStage.java:67)
	at org.glassfish.jersey.process.internal.Stages$LinkedStage.apply(Stages.java:308)
	at org.glassfish.jersey.process.internal.Stages.process(Stages.java:171)
	at org.glassfish.jersey.client.ClientRuntime.invoke(ClientRuntime.java:245)
	at org.glassfish.jersey.client.JerseyInvocation$1.call(JerseyInvocation.java:671)
	at org.glassfish.jersey.client.JerseyInvocation$1.call(JerseyInvocation.java:668)
	at org.glassfish.jersey.internal.Errors.process(Errors.java:315)
	at org.glassfish.jersey.internal.Errors.process(Errors.java:297)
	at org.glassfish.jersey.internal.Errors.process(Errors.java:228)
	at org.glassfish.jersey.process.internal.RequestScope.runInScope(RequestScope.java:444)
	at org.glassfish.jersey.client.JerseyInvocation.invoke(JerseyInvocation.java:668)
	at org.glassfish.jersey.client.JerseyInvocation$Builder.method(JerseyInvocation.java:428)
	at org.glassfish.jersey.client.JerseyInvocation$Builder.post(JerseyInvocation.java:334)
	at com.airhacks.doit.business.reminders.boundary.TodosResourceIT.createToDoWithHighPriorityWithoutDescription(TodosResourceIT.java:112)
	at java.base/jdk.internal.reflect.NativeMethodAccessorImpl.invoke0(Native Method)
	at java.base/jdk.internal.reflect.NativeMethodAccessorImpl.invoke(NativeMethodAccessorImpl.java:62)
	at java.base/jdk.internal.reflect.DelegatingMethodAccessorImpl.invoke(DelegatingMethodAccessorImpl.java:43)
	at java.base/java.lang.reflect.Method.invoke(Method.java:567)
	at org.junit.runners.model.FrameworkMethod$1.runReflectiveCall(FrameworkMethod.java:50)
	at org.junit.internal.runners.model.ReflectiveCallable.run(ReflectiveCallable.java:12)
	at org.junit.runners.model.FrameworkMethod.invokeExplosively(FrameworkMethod.java:47)
	at org.junit.internal.runners.statements.InvokeMethod.evaluate(InvokeMethod.java:17)
	at com.airhacks.rulz.jaxrsclient.JAXRSClientProvider$1.evaluate(JAXRSClientProvider.java:61)
	at org.junit.rules.RunRules.evaluate(RunRules.java:20)
	at org.junit.runners.ParentRunner.runLeaf(ParentRunner.java:325)
	at org.junit.runners.BlockJUnit4ClassRunner.runChild(BlockJUnit4ClassRunner.java:78)
	at org.junit.runners.BlockJUnit4ClassRunner.runChild(BlockJUnit4ClassRunner.java:57)
	at org.junit.runners.ParentRunner$3.run(ParentRunner.java:290)
	at org.junit.runners.ParentRunner$1.schedule(ParentRunner.java:71)
	at org.junit.runners.ParentRunner.runChildren(ParentRunner.java:288)
	at org.junit.runners.ParentRunner.access$000(ParentRunner.java:58)
	at org.junit.runners.ParentRunner$2.evaluate(ParentRunner.java:268)
	at org.junit.runners.ParentRunner.run(ParentRunner.java:363)
	at org.apache.maven.surefire.junit4.JUnit4Provider.execute(JUnit4Provider.java:242)
	at org.apache.maven.surefire.junit4.JUnit4Provider.executeTestSet(JUnit4Provider.java:137)
	at org.apache.maven.surefire.junit4.JUnit4Provider.invoke(JUnit4Provider.java:112)
	at java.base/jdk.internal.reflect.NativeMethodAccessorImpl.invoke0(Native Method)
	at java.base/jdk.internal.reflect.NativeMethodAccessorImpl.invoke(NativeMethodAccessorImpl.java:62)
	at java.base/jdk.internal.reflect.DelegatingMethodAccessorImpl.invoke(DelegatingMethodAccessorImpl.java:43)
	at java.base/java.lang.reflect.Method.invoke(Method.java:567)
	at org.apache.maven.surefire.util.ReflectionUtils.invokeMethodWithArray(ReflectionUtils.java:189)
	at org.apache.maven.surefire.booter.ProviderFactory$ProviderProxy.invoke(ProviderFactory.java:165)
	at org.apache.maven.surefire.booter.ProviderFactory.invokeProvider(ProviderFactory.java:85)
	at org.apache.maven.surefire.booter.ForkedBooter.runSuitesInProcess(ForkedBooter.java:115)
	at org.apache.maven.surefire.booter.ForkedBooter.main(ForkedBooter.java:75)
Caused by: java.lang.ClassNotFoundException: javax.activation.DataSource
	at java.base/jdk.internal.loader.BuiltinClassLoader.loadClass(BuiltinClassLoader.java:583)
	at java.base/jdk.internal.loader.ClassLoaders$AppClassLoader.loadClass(ClassLoaders.java:178)
	at java.base/java.lang.ClassLoader.loadClass(ClassLoader.java:521)
	... 97 more
MultiException stack 2 of 2
java.lang.IllegalArgumentException: Errors were discovered while reifying SystemDescriptor(
	implementation=org.glassfish.jersey.message.internal.DataSourceProvider
	contracts={javax.ws.rs.ext.MessageBodyReader,javax.ws.rs.ext.MessageBodyWriter}
	scope=javax.inject.Singleton
	qualifiers={}
	descriptorType=CLASS
	descriptorVisibility=NORMAL
	metadata=
	rank=0
	loader=org.glassfish.hk2.utilities.binding.AbstractBinder$2@482bce4f
	proxiable=null
	proxyForSameScope=null
	analysisName=null
	id=11
	locatorId=1
	identityHashCode=912672706
	reified=false)
	at org.jvnet.hk2.internal.SystemDescriptor.reify(SystemDescriptor.java:689)
	at org.jvnet.hk2.internal.ServiceLocatorImpl.reifyDescriptor(ServiceLocatorImpl.java:416)
	at org.jvnet.hk2.internal.ServiceLocatorImpl.narrow(ServiceLocatorImpl.java:2146)
	at org.jvnet.hk2.internal.ServiceLocatorImpl.access$1000(ServiceLocatorImpl.java:120)
	at org.jvnet.hk2.internal.ServiceLocatorImpl$9.compute(ServiceLocatorImpl.java:1281)
	at org.jvnet.hk2.internal.ServiceLocatorImpl$9.compute(ServiceLocatorImpl.java:1276)
	at org.glassfish.hk2.utilities.cache.LRUHybridCache$OriginThreadAwareFuture$1.call(LRUHybridCache.java:115)
	at org.glassfish.hk2.utilities.cache.LRUHybridCache$OriginThreadAwareFuture$1.call(LRUHybridCache.java:111)
	at java.base/java.util.concurrent.FutureTask.run(FutureTask.java:264)
	at org.glassfish.hk2.utilities.cache.LRUHybridCache$OriginThreadAwareFuture.run(LRUHybridCache.java:173)
	at org.glassfish.hk2.utilities.cache.LRUHybridCache.compute(LRUHybridCache.java:292)
	at org.jvnet.hk2.internal.ServiceLocatorImpl.internalGetAllServiceHandles(ServiceLocatorImpl.java:1354)
	at org.jvnet.hk2.internal.ServiceLocatorImpl.getAllServiceHandles(ServiceLocatorImpl.java:1263)
	at org.jvnet.hk2.internal.ServiceLocatorImpl.getAllServiceHandles(ServiceLocatorImpl.java:1252)
	at org.glassfish.jersey.internal.inject.Providers.getServiceHandles(Providers.java:354)
	at org.glassfish.jersey.internal.inject.Providers.getCustomProviders(Providers.java:201)
	at org.glassfish.jersey.message.internal.MessageBodyFactory.&lt;init&gt;(MessageBodyFactory.java:221)
	at java.base/jdk.internal.reflect.NativeConstructorAccessorImpl.newInstance0(Native Method)
	at java.base/jdk.internal.reflect.NativeConstructorAccessorImpl.newInstance(NativeConstructorAccessorImpl.java:62)
	at java.base/jdk.internal.reflect.DelegatingConstructorAccessorImpl.newInstance(DelegatingConstructorAccessorImpl.java:45)
	at java.base/java.lang.reflect.Constructor.newInstanceWithCaller(Constructor.java:500)
	at java.base/java.lang.reflect.Constructor.newInstance(Constructor.java:481)
	at org.glassfish.hk2.utilities.reflection.ReflectionHelper.makeMe(ReflectionHelper.java:1129)
	at org.jvnet.hk2.internal.ClazzCreator.createMe(ClazzCreator.java:274)
	at org.jvnet.hk2.internal.ClazzCreator.create(ClazzCreator.java:368)
	at org.jvnet.hk2.internal.SystemDescriptor.create(SystemDescriptor.java:471)
	at org.jvnet.hk2.internal.SingletonContext$1.compute(SingletonContext.java:82)
	at org.jvnet.hk2.internal.SingletonContext$1.compute(SingletonContext.java:70)
	at org.glassfish.hk2.utilities.cache.Cache$OriginThreadAwareFuture$1.call(Cache.java:97)
	at java.base/java.util.concurrent.FutureTask.run(FutureTask.java:264)
	at org.glassfish.hk2.utilities.cache.Cache$OriginThreadAwareFuture.run(Cache.java:154)
	at org.glassfish.hk2.utilities.cache.Cache.compute(Cache.java:199)
	at org.jvnet.hk2.internal.SingletonContext.findOrCreate(SingletonContext.java:121)
	at org.jvnet.hk2.internal.Utilities.createService(Utilities.java:2064)
	at org.jvnet.hk2.internal.ServiceLocatorImpl.internalGetService(ServiceLocatorImpl.java:711)
	at org.jvnet.hk2.internal.ServiceLocatorImpl.getService(ServiceLocatorImpl.java:661)
	at org.jvnet.hk2.internal.IterableProviderImpl.get(IterableProviderImpl.java:108)
	at org.glassfish.jersey.client.RequestProcessingInitializationStage.apply(RequestProcessingInitializationStage.java:97)
	at org.glassfish.jersey.client.RequestProcessingInitializationStage.apply(RequestProcessingInitializationStage.java:67)
	at org.glassfish.jersey.process.internal.Stages$LinkedStage.apply(Stages.java:308)
	at org.glassfish.jersey.process.internal.Stages.process(Stages.java:171)
	at org.glassfish.jersey.client.ClientRuntime.invoke(ClientRuntime.java:245)
	at org.glassfish.jersey.client.JerseyInvocation$1.call(JerseyInvocation.java:671)
	at org.glassfish.jersey.client.JerseyInvocation$1.call(JerseyInvocation.java:668)
	at org.glassfish.jersey.internal.Errors.process(Errors.java:315)
	at org.glassfish.jersey.internal.Errors.process(Errors.java:297)
	at org.glassfish.jersey.internal.Errors.process(Errors.java:228)
	at org.glassfish.jersey.process.internal.RequestScope.runInScope(RequestScope.java:444)
	at org.glassfish.jersey.client.JerseyInvocation.invoke(JerseyInvocation.java:668)
	at org.glassfish.jersey.client.JerseyInvocation$Builder.method(JerseyInvocation.java:428)
	at org.glassfish.jersey.client.JerseyInvocation$Builder.post(JerseyInvocation.java:334)
	at com.airhacks.doit.business.reminders.boundary.TodosResourceIT.createToDoWithHighPriorityWithoutDescription(TodosResourceIT.java:112)
	at java.base/jdk.internal.reflect.NativeMethodAccessorImpl.invoke0(Native Method)
	at java.base/jdk.internal.reflect.NativeMethodAccessorImpl.invoke(NativeMethodAccessorImpl.java:62)
	at java.base/jdk.internal.reflect.DelegatingMethodAccessorImpl.invoke(DelegatingMethodAccessorImpl.java:43)
	at java.base/java.lang.reflect.Method.invoke(Method.java:567)
	at org.junit.runners.model.FrameworkMethod$1.runReflectiveCall(FrameworkMethod.java:50)
	at org.junit.internal.runners.model.ReflectiveCallable.run(ReflectiveCallable.java:12)
	at org.junit.runners.model.FrameworkMethod.invokeExplosively(FrameworkMethod.java:47)
	at org.junit.internal.runners.statements.InvokeMethod.evaluate(InvokeMethod.java:17)
	at com.airhacks.rulz.jaxrsclient.JAXRSClientProvider$1.evaluate(JAXRSClientProvider.java:61)
	at org.junit.rules.RunRules.evaluate(RunRules.java:20)
	at org.junit.runners.ParentRunner.runLeaf(ParentRunner.java:325)
	at org.junit.runners.BlockJUnit4ClassRunner.runChild(BlockJUnit4ClassRunner.java:78)
	at org.junit.runners.BlockJUnit4ClassRunner.runChild(BlockJUnit4ClassRunner.java:57)
	at org.junit.runners.ParentRunner$3.run(ParentRunner.java:290)
	at org.junit.runners.ParentRunner$1.schedule(ParentRunner.java:71)
	at org.junit.runners.ParentRunner.runChildren(ParentRunner.java:288)
	at org.junit.runners.ParentRunner.access$000(ParentRunner.java:58)
	at org.junit.runners.ParentRunner$2.evaluate(ParentRunner.java:268)
	at org.junit.runners.ParentRunner.run(ParentRunner.java:363)
	at org.apache.maven.surefire.junit4.JUnit4Provider.execute(JUnit4Provider.java:242)
	at org.apache.maven.surefire.junit4.JUnit4Provider.executeTestSet(JUnit4Provider.java:137)
	at org.apache.maven.surefire.junit4.JUnit4Provider.invoke(JUnit4Provider.java:112)
	at java.base/jdk.internal.reflect.NativeMethodAccessorImpl.invoke0(Native Method)
	at java.base/jdk.internal.reflect.NativeMethodAccessorImpl.invoke(NativeMethodAccessorImpl.java:62)
	at java.base/jdk.internal.reflect.DelegatingMethodAccessorImpl.invoke(DelegatingMethodAccessorImpl.java:43)
	at java.base/java.lang.reflect.Method.invoke(Method.java:567)
	at org.apache.maven.surefire.util.ReflectionUtils.invokeMethodWithArray(ReflectionUtils.java:189)
	at org.apache.maven.surefire.booter.ProviderFactory$ProviderProxy.invoke(ProviderFactory.java:165)
	at org.apache.maven.surefire.booter.ProviderFactory.invokeProvider(ProviderFactory.java:85)
	at org.apache.maven.surefire.booter.ForkedBooter.runSuitesInProcess(ForkedBooter.java:115)
	at org.apache.maven.surefire.booter.ForkedBooter.main(ForkedBooter.java:75)

WARNING: HK2 service reification failed for [org.glassfish.jersey.message.internal.DataSourceProvider] with an exception:
MultiException stack 1 of 2
java.lang.NoClassDefFoundError: javax/activation/DataSource
	at java.base/java.lang.Class.getDeclaredConstructors0(Native Method)
	at java.base/java.lang.Class.privateGetDeclaredConstructors(Class.java:3143)
	at java.base/java.lang.Class.getDeclaredConstructors(Class.java:2363)
	at org.jvnet.hk2.internal.Utilities$3.run(Utilities.java:1310)
	at org.jvnet.hk2.internal.Utilities$3.run(Utilities.java:1306)
	at java.base/java.security.AccessController.doPrivileged(AccessController.java:310)
	at org.jvnet.hk2.internal.Utilities.getAllConstructors(Utilities.java:1306)
	at org.jvnet.hk2.internal.Utilities.findProducerConstructor(Utilities.java:1249)
	at org.jvnet.hk2.internal.DefaultClassAnalyzer.getConstructor(DefaultClassAnalyzer.java:82)
	at org.glassfish.jersey.internal.inject.JerseyClassAnalyzer.getConstructor(JerseyClassAnalyzer.java:144)
	at org.jvnet.hk2.internal.Utilities.getConstructor(Utilities.java:180)
	at org.jvnet.hk2.internal.ClazzCreator.initialize(ClazzCreator.java:129)
	at org.jvnet.hk2.internal.ClazzCreator.initialize(ClazzCreator.java:182)
	at org.jvnet.hk2.internal.SystemDescriptor.internalReify(SystemDescriptor.java:723)
	at org.jvnet.hk2.internal.SystemDescriptor.reify(SystemDescriptor.java:678)
	at org.jvnet.hk2.internal.ServiceLocatorImpl.reifyDescriptor(ServiceLocatorImpl.java:416)
	at org.jvnet.hk2.internal.ServiceLocatorImpl.narrow(ServiceLocatorImpl.java:2146)
	at org.jvnet.hk2.internal.ServiceLocatorImpl.access$1000(ServiceLocatorImpl.java:120)
	at org.jvnet.hk2.internal.ServiceLocatorImpl$9.compute(ServiceLocatorImpl.java:1281)
	at org.jvnet.hk2.internal.ServiceLocatorImpl$9.compute(ServiceLocatorImpl.java:1276)
	at org.glassfish.hk2.utilities.cache.LRUHybridCache$OriginThreadAwareFuture$1.call(LRUHybridCache.java:115)
	at org.glassfish.hk2.utilities.cache.LRUHybridCache$OriginThreadAwareFuture$1.call(LRUHybridCache.java:111)
	at java.base/java.util.concurrent.FutureTask.run(FutureTask.java:264)
	at org.glassfish.hk2.utilities.cache.LRUHybridCache$OriginThreadAwareFuture.run(LRUHybridCache.java:173)
	at org.glassfish.hk2.utilities.cache.LRUHybridCache.compute(LRUHybridCache.java:292)
	at org.jvnet.hk2.internal.ServiceLocatorImpl.internalGetAllServiceHandles(ServiceLocatorImpl.java:1354)
	at org.jvnet.hk2.internal.ServiceLocatorImpl.getAllServiceHandles(ServiceLocatorImpl.java:1263)
	at org.jvnet.hk2.internal.ServiceLocatorImpl.getAllServiceHandles(ServiceLocatorImpl.java:1252)
	at org.glassfish.jersey.internal.inject.Providers.getServiceHandles(Providers.java:354)
	at org.glassfish.jersey.internal.inject.Providers.getProviders(Providers.java:187)
	at org.glassfish.jersey.message.internal.MessageBodyFactory.&lt;init&gt;(MessageBodyFactory.java:222)
	at java.base/jdk.internal.reflect.NativeConstructorAccessorImpl.newInstance0(Native Method)
	at java.base/jdk.internal.reflect.NativeConstructorAccessorImpl.newInstance(NativeConstructorAccessorImpl.java:62)
	at java.base/jdk.internal.reflect.DelegatingConstructorAccessorImpl.newInstance(DelegatingConstructorAccessorImpl.java:45)
	at java.base/java.lang.reflect.Constructor.newInstanceWithCaller(Constructor.java:500)
	at java.base/java.lang.reflect.Constructor.newInstance(Constructor.java:481)
	at org.glassfish.hk2.utilities.reflection.ReflectionHelper.makeMe(ReflectionHelper.java:1129)
	at org.jvnet.hk2.internal.ClazzCreator.createMe(ClazzCreator.java:274)
	at org.jvnet.hk2.internal.ClazzCreator.create(ClazzCreator.java:368)
	at org.jvnet.hk2.internal.SystemDescriptor.create(SystemDescriptor.java:471)
	at org.jvnet.hk2.internal.SingletonContext$1.compute(SingletonContext.java:82)
	at org.jvnet.hk2.internal.SingletonContext$1.compute(SingletonContext.java:70)
	at org.glassfish.hk2.utilities.cache.Cache$OriginThreadAwareFuture$1.call(Cache.java:97)
	at java.base/java.util.concurrent.FutureTask.run(FutureTask.java:264)
	at org.glassfish.hk2.utilities.cache.Cache$OriginThreadAwareFuture.run(Cache.java:154)
	at org.glassfish.hk2.utilities.cache.Cache.compute(Cache.java:199)
	at org.jvnet.hk2.internal.SingletonContext.findOrCreate(SingletonContext.java:121)
	at org.jvnet.hk2.internal.Utilities.createService(Utilities.java:2064)
	at org.jvnet.hk2.internal.ServiceLocatorImpl.internalGetService(ServiceLocatorImpl.java:711)
	at org.jvnet.hk2.internal.ServiceLocatorImpl.getService(ServiceLocatorImpl.java:661)
	at org.jvnet.hk2.internal.IterableProviderImpl.get(IterableProviderImpl.java:108)
	at org.glassfish.jersey.client.RequestProcessingInitializationStage.apply(RequestProcessingInitializationStage.java:97)
	at org.glassfish.jersey.client.RequestProcessingInitializationStage.apply(RequestProcessingInitializationStage.java:67)
	at org.glassfish.jersey.process.internal.Stages$LinkedStage.apply(Stages.java:308)
	at org.glassfish.jersey.process.internal.Stages.process(Stages.java:171)
	at org.glassfish.jersey.client.ClientRuntime.invoke(ClientRuntime.java:245)
	at org.glassfish.jersey.client.JerseyInvocation$1.call(JerseyInvocation.java:671)
	at org.glassfish.jersey.client.JerseyInvocation$1.call(JerseyInvocation.java:668)
	at org.glassfish.jersey.internal.Errors.process(Errors.java:315)
	at org.glassfish.jersey.internal.Errors.process(Errors.java:297)
	at org.glassfish.jersey.internal.Errors.process(Errors.java:228)
	at org.glassfish.jersey.process.internal.RequestScope.runInScope(RequestScope.java:444)
	at org.glassfish.jersey.client.JerseyInvocation.invoke(JerseyInvocation.java:668)
	at org.glassfish.jersey.client.JerseyInvocation$Builder.method(JerseyInvocation.java:428)
	at org.glassfish.jersey.client.JerseyInvocation$Builder.post(JerseyInvocation.java:334)
	at com.airhacks.doit.business.reminders.boundary.TodosResourceIT.createToDoWithHighPriorityWithoutDescription(TodosResourceIT.java:112)
	at java.base/jdk.internal.reflect.NativeMethodAccessorImpl.invoke0(Native Method)
	at java.base/jdk.internal.reflect.NativeMethodAccessorImpl.invoke(NativeMethodAccessorImpl.java:62)
	at java.base/jdk.internal.reflect.DelegatingMethodAccessorImpl.invoke(DelegatingMethodAccessorImpl.java:43)
	at java.base/java.lang.reflect.Method.invoke(Method.java:567)
	at org.junit.runners.model.FrameworkMethod$1.runReflectiveCall(FrameworkMethod.java:50)
	at org.junit.internal.runners.model.ReflectiveCallable.run(ReflectiveCallable.java:12)
	at org.junit.runners.model.FrameworkMethod.invokeExplosively(FrameworkMethod.java:47)
	at org.junit.internal.runners.statements.InvokeMethod.evaluate(InvokeMethod.java:17)
	at com.airhacks.rulz.jaxrsclient.JAXRSClientProvider$1.evaluate(JAXRSClientProvider.java:61)
	at org.junit.rules.RunRules.evaluate(RunRules.java:20)
	at org.junit.runners.ParentRunner.runLeaf(ParentRunner.java:325)
	at org.junit.runners.BlockJUnit4ClassRunner.runChild(BlockJUnit4ClassRunner.java:78)
	at org.junit.runners.BlockJUnit4ClassRunner.runChild(BlockJUnit4ClassRunner.java:57)
	at org.junit.runners.ParentRunner$3.run(ParentRunner.java:290)
	at org.junit.runners.ParentRunner$1.schedule(ParentRunner.java:71)
	at org.junit.runners.ParentRunner.runChildren(ParentRunner.java:288)
	at org.junit.runners.ParentRunner.access$000(ParentRunner.java:58)
	at org.junit.runners.ParentRunner$2.evaluate(ParentRunner.java:268)
	at org.junit.runners.ParentRunner.run(ParentRunner.java:363)
	at org.apache.maven.surefire.junit4.JUnit4Provider.execute(JUnit4Provider.java:242)
	at org.apache.maven.surefire.junit4.JUnit4Provider.executeTestSet(JUnit4Provider.java:137)
	at org.apache.maven.surefire.junit4.JUnit4Provider.invoke(JUnit4Provider.java:112)
	at java.base/jdk.internal.reflect.NativeMethodAccessorImpl.invoke0(Native Method)
	at java.base/jdk.internal.reflect.NativeMethodAccessorImpl.invoke(NativeMethodAccessorImpl.java:62)
	at java.base/jdk.internal.reflect.DelegatingMethodAccessorImpl.invoke(DelegatingMethodAccessorImpl.java:43)
	at java.base/java.lang.reflect.Method.invoke(Method.java:567)
	at org.apache.maven.surefire.util.ReflectionUtils.invokeMethodWithArray(ReflectionUtils.java:189)
	at org.apache.maven.surefire.booter.ProviderFactory$ProviderProxy.invoke(ProviderFactory.java:165)
	at org.apache.maven.surefire.booter.ProviderFactory.invokeProvider(ProviderFactory.java:85)
	at org.apache.maven.surefire.booter.ForkedBooter.runSuitesInProcess(ForkedBooter.java:115)
	at org.apache.maven.surefire.booter.ForkedBooter.main(ForkedBooter.java:75)
Caused by: java.lang.ClassNotFoundException: javax.activation.DataSource
	at java.base/jdk.internal.loader.BuiltinClassLoader.loadClass(BuiltinClassLoader.java:583)
	at java.base/jdk.internal.loader.ClassLoaders$AppClassLoader.loadClass(ClassLoaders.java:178)
	at java.base/java.lang.ClassLoader.loadClass(ClassLoader.java:521)
	... 97 more
MultiException stack 2 of 2
java.lang.IllegalArgumentException: Errors were discovered while reifying SystemDescriptor(
	implementation=org.glassfish.jersey.message.internal.DataSourceProvider
	contracts={javax.ws.rs.ext.MessageBodyReader,javax.ws.rs.ext.MessageBodyWriter}
	scope=javax.inject.Singleton
	qualifiers={}
	descriptorType=CLASS
	descriptorVisibility=NORMAL
	metadata=
	rank=0
	loader=org.glassfish.hk2.utilities.binding.AbstractBinder$2@482bce4f
	proxiable=null
	proxyForSameScope=null
	analysisName=null
	id=11
	locatorId=1
	identityHashCode=912672706
	reified=false)
	at org.jvnet.hk2.internal.SystemDescriptor.reify(SystemDescriptor.java:689)
	at org.jvnet.hk2.internal.ServiceLocatorImpl.reifyDescriptor(ServiceLocatorImpl.java:416)
	at org.jvnet.hk2.internal.ServiceLocatorImpl.narrow(ServiceLocatorImpl.java:2146)
	at org.jvnet.hk2.internal.ServiceLocatorImpl.access$1000(ServiceLocatorImpl.java:120)
	at org.jvnet.hk2.internal.ServiceLocatorImpl$9.compute(ServiceLocatorImpl.java:1281)
	at org.jvnet.hk2.internal.ServiceLocatorImpl$9.compute(ServiceLocatorImpl.java:1276)
	at org.glassfish.hk2.utilities.cache.LRUHybridCache$OriginThreadAwareFuture$1.call(LRUHybridCache.java:115)
	at org.glassfish.hk2.utilities.cache.LRUHybridCache$OriginThreadAwareFuture$1.call(LRUHybridCache.java:111)
	at java.base/java.util.concurrent.FutureTask.run(FutureTask.java:264)
	at org.glassfish.hk2.utilities.cache.LRUHybridCache$OriginThreadAwareFuture.run(LRUHybridCache.java:173)
	at org.glassfish.hk2.utilities.cache.LRUHybridCache.compute(LRUHybridCache.java:292)
	at org.jvnet.hk2.internal.ServiceLocatorImpl.internalGetAllServiceHandles(ServiceLocatorImpl.java:1354)
	at org.jvnet.hk2.internal.ServiceLocatorImpl.getAllServiceHandles(ServiceLocatorImpl.java:1263)
	at org.jvnet.hk2.internal.ServiceLocatorImpl.getAllServiceHandles(ServiceLocatorImpl.java:1252)
	at org.glassfish.jersey.internal.inject.Providers.getServiceHandles(Providers.java:354)
	at org.glassfish.jersey.internal.inject.Providers.getProviders(Providers.java:187)
	at org.glassfish.jersey.message.internal.MessageBodyFactory.&lt;init&gt;(MessageBodyFactory.java:222)
	at java.base/jdk.internal.reflect.NativeConstructorAccessorImpl.newInstance0(Native Method)
	at java.base/jdk.internal.reflect.NativeConstructorAccessorImpl.newInstance(NativeConstructorAccessorImpl.java:62)
	at java.base/jdk.internal.reflect.DelegatingConstructorAccessorImpl.newInstance(DelegatingConstructorAccessorImpl.java:45)
	at java.base/java.lang.reflect.Constructor.newInstanceWithCaller(Constructor.java:500)
	at java.base/java.lang.reflect.Constructor.newInstance(Constructor.java:481)
	at org.glassfish.hk2.utilities.reflection.ReflectionHelper.makeMe(ReflectionHelper.java:1129)
	at org.jvnet.hk2.internal.ClazzCreator.createMe(ClazzCreator.java:274)
	at org.jvnet.hk2.internal.ClazzCreator.create(ClazzCreator.java:368)
	at org.jvnet.hk2.internal.SystemDescriptor.create(SystemDescriptor.java:471)
	at org.jvnet.hk2.internal.SingletonContext$1.compute(SingletonContext.java:82)
	at org.jvnet.hk2.internal.SingletonContext$1.compute(SingletonContext.java:70)
	at org.glassfish.hk2.utilities.cache.Cache$OriginThreadAwareFuture$1.call(Cache.java:97)
	at java.base/java.util.concurrent.FutureTask.run(FutureTask.java:264)
	at org.glassfish.hk2.utilities.cache.Cache$OriginThreadAwareFuture.run(Cache.java:154)
	at org.glassfish.hk2.utilities.cache.Cache.compute(Cache.java:199)
	at org.jvnet.hk2.internal.SingletonContext.findOrCreate(SingletonContext.java:121)
	at org.jvnet.hk2.internal.Utilities.createService(Utilities.java:2064)
	at org.jvnet.hk2.internal.ServiceLocatorImpl.internalGetService(ServiceLocatorImpl.java:711)
	at org.jvnet.hk2.internal.ServiceLocatorImpl.getService(ServiceLocatorImpl.java:661)
	at org.jvnet.hk2.internal.IterableProviderImpl.get(IterableProviderImpl.java:108)
	at org.glassfish.jersey.client.RequestProcessingInitializationStage.apply(RequestProcessingInitializationStage.java:97)
	at org.glassfish.jersey.client.RequestProcessingInitializationStage.apply(RequestProcessingInitializationStage.java:67)
	at org.glassfish.jersey.process.internal.Stages$LinkedStage.apply(Stages.java:308)
	at org.glassfish.jersey.process.internal.Stages.process(Stages.java:171)
	at org.glassfish.jersey.client.ClientRuntime.invoke(ClientRuntime.java:245)
	at org.glassfish.jersey.client.JerseyInvocation$1.call(JerseyInvocation.java:671)
	at org.glassfish.jersey.client.JerseyInvocation$1.call(JerseyInvocation.java:668)
	at org.glassfish.jersey.internal.Errors.process(Errors.java:315)
	at org.glassfish.jersey.internal.Errors.process(Errors.java:297)
	at org.glassfish.jersey.internal.Errors.process(Errors.java:228)
	at org.glassfish.jersey.process.internal.RequestScope.runInScope(RequestScope.java:444)
	at org.glassfish.jersey.client.JerseyInvocation.invoke(JerseyInvocation.java:668)
	at org.glassfish.jersey.client.JerseyInvocation$Builder.method(JerseyInvocation.java:428)
	at org.glassfish.jersey.client.JerseyInvocation$Builder.post(JerseyInvocation.java:334)
	at com.airhacks.doit.business.reminders.boundary.TodosResourceIT.createToDoWithHighPriorityWithoutDescription(TodosResourceIT.java:112)
	at java.base/jdk.internal.reflect.NativeMethodAccessorImpl.invoke0(Native Method)
	at java.base/jdk.internal.reflect.NativeMethodAccessorImpl.invoke(NativeMethodAccessorImpl.java:62)
	at java.base/jdk.internal.reflect.DelegatingMethodAccessorImpl.invoke(DelegatingMethodAccessorImpl.java:43)
	at java.base/java.lang.reflect.Method.invoke(Method.java:567)
	at org.junit.runners.model.FrameworkMethod$1.runReflectiveCall(FrameworkMethod.java:50)
	at org.junit.internal.runners.model.ReflectiveCallable.run(ReflectiveCallable.java:12)
	at org.junit.runners.model.FrameworkMethod.invokeExplosively(FrameworkMethod.java:47)
	at org.junit.internal.runners.statements.InvokeMethod.evaluate(InvokeMethod.java:17)
	at com.airhacks.rulz.jaxrsclient.JAXRSClientProvider$1.evaluate(JAXRSClientProvider.java:61)
	at org.junit.rules.RunRules.evaluate(RunRules.java:20)
	at org.junit.runners.ParentRunner.runLeaf(ParentRunner.java:325)
	at org.junit.runners.BlockJUnit4ClassRunner.runChild(BlockJUnit4ClassRunner.java:78)
	at org.junit.runners.BlockJUnit4ClassRunner.runChild(BlockJUnit4ClassRunner.java:57)
	at org.junit.runners.ParentRunner$3.run(ParentRunner.java:290)
	at org.junit.runners.ParentRunner$1.schedule(ParentRunner.java:71)
	at org.junit.runners.ParentRunner.runChildren(ParentRunner.java:288)
	at org.junit.runners.ParentRunner.access$000(ParentRunner.java:58)
	at org.junit.runners.ParentRunner$2.evaluate(ParentRunner.java:268)
	at org.junit.runners.ParentRunner.run(ParentRunner.java:363)
	at org.apache.maven.surefire.junit4.JUnit4Provider.execute(JUnit4Provider.java:242)
	at org.apache.maven.surefire.junit4.JUnit4Provider.executeTestSet(JUnit4Provider.java:137)
	at org.apache.maven.surefire.junit4.JUnit4Provider.invoke(JUnit4Provider.java:112)
	at java.base/jdk.internal.reflect.NativeMethodAccessorImpl.invoke0(Native Method)
	at java.base/jdk.internal.reflect.NativeMethodAccessorImpl.invoke(NativeMethodAccessorImpl.java:62)
	at java.base/jdk.internal.reflect.DelegatingMethodAccessorImpl.invoke(DelegatingMethodAccessorImpl.java:43)
	at java.base/java.lang.reflect.Method.invoke(Method.java:567)
	at org.apache.maven.surefire.util.ReflectionUtils.invokeMethodWithArray(ReflectionUtils.java:189)
	at org.apache.maven.surefire.booter.ProviderFactory$ProviderProxy.invoke(ProviderFactory.java:165)
	at org.apache.maven.surefire.booter.ProviderFactory.invokeProvider(ProviderFactory.java:85)
	at org.apache.maven.surefire.booter.ForkedBooter.runSuitesInProcess(ForkedBooter.java:115)
	at org.apache.maven.surefire.booter.ForkedBooter.main(ForkedBooter.java:75)

WARNING: HK2 service reification failed for [org.glassfish.jersey.message.internal.DataSourceProvider] with an exception:
MultiException stack 1 of 2
java.lang.NoClassDefFoundError: javax/activation/DataSource
	at java.base/java.lang.Class.getDeclaredConstructors0(Native Method)
	at java.base/java.lang.Class.privateGetDeclaredConstructors(Class.java:3143)
	at java.base/java.lang.Class.getDeclaredConstructors(Class.java:2363)
	at org.jvnet.hk2.internal.Utilities$3.run(Utilities.java:1310)
	at org.jvnet.hk2.internal.Utilities$3.run(Utilities.java:1306)
	at java.base/java.security.AccessController.doPrivileged(AccessController.java:310)
	at org.jvnet.hk2.internal.Utilities.getAllConstructors(Utilities.java:1306)
	at org.jvnet.hk2.internal.Utilities.findProducerConstructor(Utilities.java:1249)
	at org.jvnet.hk2.internal.DefaultClassAnalyzer.getConstructor(DefaultClassAnalyzer.java:82)
	at org.glassfish.jersey.internal.inject.JerseyClassAnalyzer.getConstructor(JerseyClassAnalyzer.java:144)
	at org.jvnet.hk2.internal.Utilities.getConstructor(Utilities.java:180)
	at org.jvnet.hk2.internal.ClazzCreator.initialize(ClazzCreator.java:129)
	at org.jvnet.hk2.internal.ClazzCreator.initialize(ClazzCreator.java:182)
	at org.jvnet.hk2.internal.SystemDescriptor.internalReify(SystemDescriptor.java:723)
	at org.jvnet.hk2.internal.SystemDescriptor.reify(SystemDescriptor.java:678)
	at org.jvnet.hk2.internal.ServiceLocatorImpl.reifyDescriptor(ServiceLocatorImpl.java:416)
	at org.jvnet.hk2.internal.ServiceLocatorImpl.narrow(ServiceLocatorImpl.java:2146)
	at org.jvnet.hk2.internal.ServiceLocatorImpl.access$1000(ServiceLocatorImpl.java:120)
	at org.jvnet.hk2.internal.ServiceLocatorImpl$9.compute(ServiceLocatorImpl.java:1281)
	at org.jvnet.hk2.internal.ServiceLocatorImpl$9.compute(ServiceLocatorImpl.java:1276)
	at org.glassfish.hk2.utilities.cache.LRUHybridCache$OriginThreadAwareFuture$1.call(LRUHybridCache.java:115)
	at org.glassfish.hk2.utilities.cache.LRUHybridCache$OriginThreadAwareFuture$1.call(LRUHybridCache.java:111)
	at java.base/java.util.concurrent.FutureTask.run(FutureTask.java:264)
	at org.glassfish.hk2.utilities.cache.LRUHybridCache$OriginThreadAwareFuture.run(LRUHybridCache.java:173)
	at org.glassfish.hk2.utilities.cache.LRUHybridCache.compute(LRUHybridCache.java:292)
	at org.jvnet.hk2.internal.ServiceLocatorImpl.internalGetAllServiceHandles(ServiceLocatorImpl.java:1354)
	at org.jvnet.hk2.internal.ServiceLocatorImpl.getAllServiceHandles(ServiceLocatorImpl.java:1263)
	at org.jvnet.hk2.internal.ServiceLocatorImpl.getAllServiceHandles(ServiceLocatorImpl.java:1252)
	at org.glassfish.jersey.internal.inject.Providers.getServiceHandles(Providers.java:354)
	at org.glassfish.jersey.internal.inject.Providers.getProviders(Providers.java:187)
	at org.glassfish.jersey.message.internal.MessageBodyFactory.&lt;init&gt;(MessageBodyFactory.java:222)
	at java.base/jdk.internal.reflect.NativeConstructorAccessorImpl.newInstance0(Native Method)
	at java.base/jdk.internal.reflect.NativeConstructorAccessorImpl.newInstance(NativeConstructorAccessorImpl.java:62)
	at java.base/jdk.internal.reflect.DelegatingConstructorAccessorImpl.newInstance(DelegatingConstructorAccessorImpl.java:45)
	at java.base/java.lang.reflect.Constructor.newInstanceWithCaller(Constructor.java:500)
	at java.base/java.lang.reflect.Constructor.newInstance(Constructor.java:481)
	at org.glassfish.hk2.utilities.reflection.ReflectionHelper.makeMe(ReflectionHelper.java:1129)
	at org.jvnet.hk2.internal.ClazzCreator.createMe(ClazzCreator.java:274)
	at org.jvnet.hk2.internal.ClazzCreator.create(ClazzCreator.java:368)
	at org.jvnet.hk2.internal.SystemDescriptor.create(SystemDescriptor.java:471)
	at org.jvnet.hk2.internal.SingletonContext$1.compute(SingletonContext.java:82)
	at org.jvnet.hk2.internal.SingletonContext$1.compute(SingletonContext.java:70)
	at org.glassfish.hk2.utilities.cache.Cache$OriginThreadAwareFuture$1.call(Cache.java:97)
	at java.base/java.util.concurrent.FutureTask.run(FutureTask.java:264)
	at org.glassfish.hk2.utilities.cache.Cache$OriginThreadAwareFuture.run(Cache.java:154)
	at org.glassfish.hk2.utilities.cache.Cache.compute(Cache.java:199)
	at org.jvnet.hk2.internal.SingletonContext.findOrCreate(SingletonContext.java:121)
	at org.jvnet.hk2.internal.Utilities.createService(Utilities.java:2064)
	at org.jvnet.hk2.internal.ServiceLocatorImpl.internalGetService(ServiceLocatorImpl.java:711)
	at org.jvnet.hk2.internal.ServiceLocatorImpl.getService(ServiceLocatorImpl.java:661)
	at org.jvnet.hk2.internal.IterableProviderImpl.get(IterableProviderImpl.java:108)
	at org.glassfish.jersey.client.RequestProcessingInitializationStage.apply(RequestProcessingInitializationStage.java:97)
	at org.glassfish.jersey.client.RequestProcessingInitializationStage.apply(RequestProcessingInitializationStage.java:67)
	at org.glassfish.jersey.process.internal.Stages$LinkedStage.apply(Stages.java:308)
	at org.glassfish.jersey.process.internal.Stages.process(Stages.java:171)
	at org.glassfish.jersey.client.ClientRuntime.invoke(ClientRuntime.java:245)
	at org.glassfish.jersey.client.JerseyInvocation$1.call(JerseyInvocation.java:671)
	at org.glassfish.jersey.client.JerseyInvocation$1.call(JerseyInvocation.java:668)
	at org.glassfish.jersey.internal.Errors.process(Errors.java:315)
	at org.glassfish.jersey.internal.Errors.process(Errors.java:297)
	at org.glassfish.jersey.internal.Errors.process(Errors.java:228)
	at org.glassfish.jersey.process.internal.RequestScope.runInScope(RequestScope.java:444)
	at org.glassfish.jersey.client.JerseyInvocation.invoke(JerseyInvocation.java:668)
	at org.glassfish.jersey.client.JerseyInvocation$Builder.method(JerseyInvocation.java:428)
	at org.glassfish.jersey.client.JerseyInvocation$Builder.post(JerseyInvocation.java:334)
	at com.airhacks.doit.business.reminders.boundary.TodosResourceIT.createToDoWithHighPriorityWithoutDescription(TodosResourceIT.java:112)
	at java.base/jdk.internal.reflect.NativeMethodAccessorImpl.invoke0(Native Method)
	at java.base/jdk.internal.reflect.NativeMethodAccessorImpl.invoke(NativeMethodAccessorImpl.java:62)
	at java.base/jdk.internal.reflect.DelegatingMethodAccessorImpl.invoke(DelegatingMethodAccessorImpl.java:43)
	at java.base/java.lang.reflect.Method.invoke(Method.java:567)
	at org.junit.runners.model.FrameworkMethod$1.runReflectiveCall(FrameworkMethod.java:50)
	at org.junit.internal.runners.model.ReflectiveCallable.run(ReflectiveCallable.java:12)
	at org.junit.runners.model.FrameworkMethod.invokeExplosively(FrameworkMethod.java:47)
	at org.junit.internal.runners.statements.InvokeMethod.evaluate(InvokeMethod.java:17)
	at com.airhacks.rulz.jaxrsclient.JAXRSClientProvider$1.evaluate(JAXRSClientProvider.java:61)
	at org.junit.rules.RunRules.evaluate(RunRules.java:20)
	at org.junit.runners.ParentRunner.runLeaf(ParentRunner.java:325)
	at org.junit.runners.BlockJUnit4ClassRunner.runChild(BlockJUnit4ClassRunner.java:78)
	at org.junit.runners.BlockJUnit4ClassRunner.runChild(BlockJUnit4ClassRunner.java:57)
	at org.junit.runners.ParentRunner$3.run(ParentRunner.java:290)
	at org.junit.runners.ParentRunner$1.schedule(ParentRunner.java:71)
	at org.junit.runners.ParentRunner.runChildren(ParentRunner.java:288)
	at org.junit.runners.ParentRunner.access$000(ParentRunner.java:58)
	at org.junit.runners.ParentRunner$2.evaluate(ParentRunner.java:268)
	at org.junit.runners.ParentRunner.run(ParentRunner.java:363)
	at org.apache.maven.surefire.junit4.JUnit4Provider.execute(JUnit4Provider.java:242)
	at org.apache.maven.surefire.junit4.JUnit4Provider.executeTestSet(JUnit4Provider.java:137)
	at org.apache.maven.surefire.junit4.JUnit4Provider.invoke(JUnit4Provider.java:112)
	at java.base/jdk.internal.reflect.NativeMethodAccessorImpl.invoke0(Native Method)
	at java.base/jdk.internal.reflect.NativeMethodAccessorImpl.invoke(NativeMethodAccessorImpl.java:62)
	at java.base/jdk.internal.reflect.DelegatingMethodAccessorImpl.invoke(DelegatingMethodAccessorImpl.java:43)
	at java.base/java.lang.reflect.Method.invoke(Method.java:567)
	at org.apache.maven.surefire.util.ReflectionUtils.invokeMethodWithArray(ReflectionUtils.java:189)
	at org.apache.maven.surefire.booter.ProviderFactory$ProviderProxy.invoke(ProviderFactory.java:165)
	at org.apache.maven.surefire.booter.ProviderFactory.invokeProvider(ProviderFactory.java:85)
	at org.apache.maven.surefire.booter.ForkedBooter.runSuitesInProcess(ForkedBooter.java:115)
	at org.apache.maven.surefire.booter.ForkedBooter.main(ForkedBooter.java:75)
Caused by: java.lang.ClassNotFoundException: javax.activation.DataSource
	at java.base/jdk.internal.loader.BuiltinClassLoader.loadClass(BuiltinClassLoader.java:583)
	at java.base/jdk.internal.loader.ClassLoaders$AppClassLoader.loadClass(ClassLoaders.java:178)
	at java.base/java.lang.ClassLoader.loadClass(ClassLoader.java:521)
	... 97 more
MultiException stack 2 of 2
java.lang.IllegalArgumentException: Errors were discovered while reifying SystemDescriptor(
	implementation=org.glassfish.jersey.message.internal.DataSourceProvider
	contracts={javax.ws.rs.ext.MessageBodyReader,javax.ws.rs.ext.MessageBodyWriter}
	scope=javax.inject.Singleton
	qualifiers={}
	descriptorType=CLASS
	descriptorVisibility=NORMAL
	metadata=
	rank=0
	loader=org.glassfish.hk2.utilities.binding.AbstractBinder$2@482bce4f
	proxiable=null
	proxyForSameScope=null
	analysisName=null
	id=11
	locatorId=1
	identityHashCode=912672706
	reified=false)
	at org.jvnet.hk2.internal.SystemDescriptor.reify(SystemDescriptor.java:689)
	at org.jvnet.hk2.internal.ServiceLocatorImpl.reifyDescriptor(ServiceLocatorImpl.java:416)
	at org.jvnet.hk2.internal.ServiceLocatorImpl.narrow(ServiceLocatorImpl.java:2146)
	at org.jvnet.hk2.internal.ServiceLocatorImpl.access$1000(ServiceLocatorImpl.java:120)
	at org.jvnet.hk2.internal.ServiceLocatorImpl$9.compute(ServiceLocatorImpl.java:1281)
	at org.jvnet.hk2.internal.ServiceLocatorImpl$9.compute(ServiceLocatorImpl.java:1276)
	at org.glassfish.hk2.utilities.cache.LRUHybridCache$OriginThreadAwareFuture$1.call(LRUHybridCache.java:115)
	at org.glassfish.hk2.utilities.cache.LRUHybridCache$OriginThreadAwareFuture$1.call(LRUHybridCache.java:111)
	at java.base/java.util.concurrent.FutureTask.run(FutureTask.java:264)
	at org.glassfish.hk2.utilities.cache.LRUHybridCache$OriginThreadAwareFuture.run(LRUHybridCache.java:173)
	at org.glassfish.hk2.utilities.cache.LRUHybridCache.compute(LRUHybridCache.java:292)
	at org.jvnet.hk2.internal.ServiceLocatorImpl.internalGetAllServiceHandles(ServiceLocatorImpl.java:1354)
	at org.jvnet.hk2.internal.ServiceLocatorImpl.getAllServiceHandles(ServiceLocatorImpl.java:1263)
	at org.jvnet.hk2.internal.ServiceLocatorImpl.getAllServiceHandles(ServiceLocatorImpl.java:1252)
	at org.glassfish.jersey.internal.inject.Providers.getServiceHandles(Providers.java:354)
	at org.glassfish.jersey.internal.inject.Providers.getProviders(Providers.java:187)
	at org.glassfish.jersey.message.internal.MessageBodyFactory.&lt;init&gt;(MessageBodyFactory.java:222)
	at java.base/jdk.internal.reflect.NativeConstructorAccessorImpl.newInstance0(Native Method)
	at java.base/jdk.internal.reflect.NativeConstructorAccessorImpl.newInstance(NativeConstructorAccessorImpl.java:62)
	at java.base/jdk.internal.reflect.DelegatingConstructorAccessorImpl.newInstance(DelegatingConstructorAccessorImpl.java:45)
	at java.base/java.lang.reflect.Constructor.newInstanceWithCaller(Constructor.java:500)
	at java.base/java.lang.reflect.Constructor.newInstance(Constructor.java:481)
	at org.glassfish.hk2.utilities.reflection.ReflectionHelper.makeMe(ReflectionHelper.java:1129)
	at org.jvnet.hk2.internal.ClazzCreator.createMe(ClazzCreator.java:274)
	at org.jvnet.hk2.internal.ClazzCreator.create(ClazzCreator.java:368)
	at org.jvnet.hk2.internal.SystemDescriptor.create(SystemDescriptor.java:471)
	at org.jvnet.hk2.internal.SingletonContext$1.compute(SingletonContext.java:82)
	at org.jvnet.hk2.internal.SingletonContext$1.compute(SingletonContext.java:70)
	at org.glassfish.hk2.utilities.cache.Cache$OriginThreadAwareFuture$1.call(Cache.java:97)
	at java.base/java.util.concurrent.FutureTask.run(FutureTask.java:264)
	at org.glassfish.hk2.utilities.cache.Cache$OriginThreadAwareFuture.run(Cache.java:154)
	at org.glassfish.hk2.utilities.cache.Cache.compute(Cache.java:199)
	at org.jvnet.hk2.internal.SingletonContext.findOrCreate(SingletonContext.java:121)
	at org.jvnet.hk2.internal.Utilities.createService(Utilities.java:2064)
	at org.jvnet.hk2.internal.ServiceLocatorImpl.internalGetService(ServiceLocatorImpl.java:711)
	at org.jvnet.hk2.internal.ServiceLocatorImpl.getService(ServiceLocatorImpl.java:661)
	at org.jvnet.hk2.internal.IterableProviderImpl.get(IterableProviderImpl.java:108)
	at org.glassfish.jersey.client.RequestProcessingInitializationStage.apply(RequestProcessingInitializationStage.java:97)
	at org.glassfish.jersey.client.RequestProcessingInitializationStage.apply(RequestProcessingInitializationStage.java:67)
	at org.glassfish.jersey.process.internal.Stages$LinkedStage.apply(Stages.java:308)
	at org.glassfish.jersey.process.internal.Stages.process(Stages.java:171)
	at org.glassfish.jersey.client.ClientRuntime.invoke(ClientRuntime.java:245)
	at org.glassfish.jersey.client.JerseyInvocation$1.call(JerseyInvocation.java:671)
	at org.glassfish.jersey.client.JerseyInvocation$1.call(JerseyInvocation.java:668)
	at org.glassfish.jersey.internal.Errors.process(Errors.java:315)
	at org.glassfish.jersey.internal.Errors.process(Errors.java:297)
	at org.glassfish.jersey.internal.Errors.process(Errors.java:228)
	at org.glassfish.jersey.process.internal.RequestScope.runInScope(RequestScope.java:444)
	at org.glassfish.jersey.client.JerseyInvocation.invoke(JerseyInvocation.java:668)
	at org.glassfish.jersey.client.JerseyInvocation$Builder.method(JerseyInvocation.java:428)
	at org.glassfish.jersey.client.JerseyInvocation$Builder.post(JerseyInvocation.java:334)
	at com.airhacks.doit.business.reminders.boundary.TodosResourceIT.createToDoWithHighPriorityWithoutDescription(TodosResourceIT.java:112)
	at java.base/jdk.internal.reflect.NativeMethodAccessorImpl.invoke0(Native Method)
	at java.base/jdk.internal.reflect.NativeMethodAccessorImpl.invoke(NativeMethodAccessorImpl.java:62)
	at java.base/jdk.internal.reflect.DelegatingMethodAccessorImpl.invoke(DelegatingMethodAccessorImpl.java:43)
	at java.base/java.lang.reflect.Method.invoke(Method.java:567)
	at org.junit.runners.model.FrameworkMethod$1.runReflectiveCall(FrameworkMethod.java:50)
	at org.junit.internal.runners.model.ReflectiveCallable.run(ReflectiveCallable.java:12)
	at org.junit.runners.model.FrameworkMethod.invokeExplosively(FrameworkMethod.java:47)
	at org.junit.internal.runners.statements.InvokeMethod.evaluate(InvokeMethod.java:17)
	at com.airhacks.rulz.jaxrsclient.JAXRSClientProvider$1.evaluate(JAXRSClientProvider.java:61)
	at org.junit.rules.RunRules.evaluate(RunRules.java:20)
	at org.junit.runners.ParentRunner.runLeaf(ParentRunner.java:325)
	at org.junit.runners.BlockJUnit4ClassRunner.runChild(BlockJUnit4ClassRunner.java:78)
	at org.junit.runners.BlockJUnit4ClassRunner.runChild(BlockJUnit4ClassRunner.java:57)
	at org.junit.runners.ParentRunner$3.run(ParentRunner.java:290)
	at org.junit.runners.ParentRunner$1.schedule(ParentRunner.java:71)
	at org.junit.runners.ParentRunner.runChildren(ParentRunner.java:288)
	at org.junit.runners.ParentRunner.access$000(ParentRunner.java:58)
	at org.junit.runners.ParentRunner$2.evaluate(ParentRunner.java:268)
	at org.junit.runners.ParentRunner.run(ParentRunner.java:363)
	at org.apache.maven.surefire.junit4.JUnit4Provider.execute(JUnit4Provider.java:242)
	at org.apache.maven.surefire.junit4.JUnit4Provider.executeTestSet(JUnit4Provider.java:137)
	at org.apache.maven.surefire.junit4.JUnit4Provider.invoke(JUnit4Provider.java:112)
	at java.base/jdk.internal.reflect.NativeMethodAccessorImpl.invoke0(Native Method)
	at java.base/jdk.internal.reflect.NativeMethodAccessorImpl.invoke(NativeMethodAccessorImpl.java:62)
	at java.base/jdk.internal.reflect.DelegatingMethodAccessorImpl.invoke(DelegatingMethodAccessorImpl.java:43)
	at java.base/java.lang.reflect.Method.invoke(Method.java:567)
	at org.apache.maven.surefire.util.ReflectionUtils.invokeMethodWithArray(ReflectionUtils.java:189)
	at org.apache.maven.surefire.booter.ProviderFactory$ProviderProxy.invoke(ProviderFactory.java:165)
	at org.apache.maven.surefire.booter.ProviderFactory.invokeProvider(ProviderFactory.java:85)
	at org.apache.maven.surefire.booter.ForkedBooter.runSuitesInProcess(ForkedBooter.java:115)
	at org.apache.maven.surefire.booter.ForkedBooter.main(ForkedBooter.java:75)

WARNING: HK2 service reification failed for [org.glassfish.jersey.message.internal.DataSourceProvider] with an exception:
MultiException stack 1 of 2
java.lang.NoClassDefFoundError: javax/activation/DataSource
	at java.base/java.lang.Class.getDeclaredConstructors0(Native Method)
	at java.base/java.lang.Class.privateGetDeclaredConstructors(Class.java:3143)
	at java.base/java.lang.Class.getDeclaredConstructors(Class.java:2363)
	at org.jvnet.hk2.internal.Utilities$3.run(Utilities.java:1310)
	at org.jvnet.hk2.internal.Utilities$3.run(Utilities.java:1306)
	at java.base/java.security.AccessController.doPrivileged(AccessController.java:310)
	at org.jvnet.hk2.internal.Utilities.getAllConstructors(Utilities.java:1306)
	at org.jvnet.hk2.internal.Utilities.findProducerConstructor(Utilities.java:1249)
	at org.jvnet.hk2.internal.DefaultClassAnalyzer.getConstructor(DefaultClassAnalyzer.java:82)
	at org.glassfish.jersey.internal.inject.JerseyClassAnalyzer.getConstructor(JerseyClassAnalyzer.java:144)
	at org.jvnet.hk2.internal.Utilities.getConstructor(Utilities.java:180)
	at org.jvnet.hk2.internal.ClazzCreator.initialize(ClazzCreator.java:129)
	at org.jvnet.hk2.internal.ClazzCreator.initialize(ClazzCreator.java:182)
	at org.jvnet.hk2.internal.SystemDescriptor.internalReify(SystemDescriptor.java:723)
	at org.jvnet.hk2.internal.SystemDescriptor.reify(SystemDescriptor.java:678)
	at org.jvnet.hk2.internal.ServiceLocatorImpl.reifyDescriptor(ServiceLocatorImpl.java:416)
	at org.jvnet.hk2.internal.ServiceLocatorImpl.narrow(ServiceLocatorImpl.java:2146)
	at org.jvnet.hk2.internal.ServiceLocatorImpl.access$1000(ServiceLocatorImpl.java:120)
	at org.jvnet.hk2.internal.ServiceLocatorImpl$9.compute(ServiceLocatorImpl.java:1281)
	at org.jvnet.hk2.internal.ServiceLocatorImpl$9.compute(ServiceLocatorImpl.java:1276)
	at org.glassfish.hk2.utilities.cache.LRUHybridCache$OriginThreadAwareFuture$1.call(LRUHybridCache.java:115)
	at org.glassfish.hk2.utilities.cache.LRUHybridCache$OriginThreadAwareFuture$1.call(LRUHybridCache.java:111)
	at java.base/java.util.concurrent.FutureTask.run(FutureTask.java:264)
	at org.glassfish.hk2.utilities.cache.LRUHybridCache$OriginThreadAwareFuture.run(LRUHybridCache.java:173)
	at org.glassfish.hk2.utilities.cache.LRUHybridCache.compute(LRUHybridCache.java:292)
	at org.jvnet.hk2.internal.ServiceLocatorImpl.internalGetAllServiceHandles(ServiceLocatorImpl.java:1354)
	at org.jvnet.hk2.internal.ServiceLocatorImpl.getAllServiceHandles(ServiceLocatorImpl.java:1263)
	at org.jvnet.hk2.internal.ServiceLocatorImpl.getAllServiceHandles(ServiceLocatorImpl.java:1252)
	at org.glassfish.jersey.internal.inject.Providers.getServiceHandles(Providers.java:354)
	at org.glassfish.jersey.internal.inject.Providers.getCustomProviders(Providers.java:201)
	at org.glassfish.jersey.message.internal.MessageBodyFactory.&lt;init&gt;(MessageBodyFactory.java:247)
	at java.base/jdk.internal.reflect.NativeConstructorAccessorImpl.newInstance0(Native Method)
	at java.base/jdk.internal.reflect.NativeConstructorAccessorImpl.newInstance(NativeConstructorAccessorImpl.java:62)
	at java.base/jdk.internal.reflect.DelegatingConstructorAccessorImpl.newInstance(DelegatingConstructorAccessorImpl.java:45)
	at java.base/java.lang.reflect.Constructor.newInstanceWithCaller(Constructor.java:500)
	at java.base/java.lang.reflect.Constructor.newInstance(Constructor.java:481)
	at org.glassfish.hk2.utilities.reflection.ReflectionHelper.makeMe(ReflectionHelper.java:1129)
	at org.jvnet.hk2.internal.ClazzCreator.createMe(ClazzCreator.java:274)
	at org.jvnet.hk2.internal.ClazzCreator.create(ClazzCreator.java:368)
	at org.jvnet.hk2.internal.SystemDescriptor.create(SystemDescriptor.java:471)
	at org.jvnet.hk2.internal.SingletonContext$1.compute(SingletonContext.java:82)
	at org.jvnet.hk2.internal.SingletonContext$1.compute(SingletonContext.java:70)
	at org.glassfish.hk2.utilities.cache.Cache$OriginThreadAwareFuture$1.call(Cache.java:97)
	at java.base/java.util.concurrent.FutureTask.run(FutureTask.java:264)
	at org.glassfish.hk2.utilities.cache.Cache$OriginThreadAwareFuture.run(Cache.java:154)
	at org.glassfish.hk2.utilities.cache.Cache.compute(Cache.java:199)
	at org.jvnet.hk2.internal.SingletonContext.findOrCreate(SingletonContext.java:121)
	at org.jvnet.hk2.internal.Utilities.createService(Utilities.java:2064)
	at org.jvnet.hk2.internal.ServiceLocatorImpl.internalGetService(ServiceLocatorImpl.java:711)
	at org.jvnet.hk2.internal.ServiceLocatorImpl.getService(ServiceLocatorImpl.java:661)
	at org.jvnet.hk2.internal.IterableProviderImpl.get(IterableProviderImpl.java:108)
	at org.glassfish.jersey.client.RequestProcessingInitializationStage.apply(RequestProcessingInitializationStage.java:97)
	at org.glassfish.jersey.client.RequestProcessingInitializationStage.apply(RequestProcessingInitializationStage.java:67)
	at org.glassfish.jersey.process.internal.Stages$LinkedStage.apply(Stages.java:308)
	at org.glassfish.jersey.process.internal.Stages.process(Stages.java:171)
	at org.glassfish.jersey.client.ClientRuntime.invoke(ClientRuntime.java:245)
	at org.glassfish.jersey.client.JerseyInvocation$1.call(JerseyInvocation.java:671)
	at org.glassfish.jersey.client.JerseyInvocation$1.call(JerseyInvocation.java:668)
	at org.glassfish.jersey.internal.Errors.process(Errors.java:315)
	at org.glassfish.jersey.internal.Errors.process(Errors.java:297)
	at org.glassfish.jersey.internal.Errors.process(Errors.java:228)
	at org.glassfish.jersey.process.internal.RequestScope.runInScope(RequestScope.java:444)
	at org.glassfish.jersey.client.JerseyInvocation.invoke(JerseyInvocation.java:668)
	at org.glassfish.jersey.client.JerseyInvocation$Builder.method(JerseyInvocation.java:428)
	at org.glassfish.jersey.client.JerseyInvocation$Builder.post(JerseyInvocation.java:334)
	at com.airhacks.doit.business.reminders.boundary.TodosResourceIT.createToDoWithHighPriorityWithoutDescription(TodosResourceIT.java:112)
	at java.base/jdk.internal.reflect.NativeMethodAccessorImpl.invoke0(Native Method)
	at java.base/jdk.internal.reflect.NativeMethodAccessorImpl.invoke(NativeMethodAccessorImpl.java:62)
	at java.base/jdk.internal.reflect.DelegatingMethodAccessorImpl.invoke(DelegatingMethodAccessorImpl.java:43)
	at java.base/java.lang.reflect.Method.invoke(Method.java:567)
	at org.junit.runners.model.FrameworkMethod$1.runReflectiveCall(FrameworkMethod.java:50)
	at org.junit.internal.runners.model.ReflectiveCallable.run(ReflectiveCallable.java:12)
	at org.junit.runners.model.FrameworkMethod.invokeExplosively(FrameworkMethod.java:47)
	at org.junit.internal.runners.statements.InvokeMethod.evaluate(InvokeMethod.java:17)
	at com.airhacks.rulz.jaxrsclient.JAXRSClientProvider$1.evaluate(JAXRSClientProvider.java:61)
	at org.junit.rules.RunRules.evaluate(RunRules.java:20)
	at org.junit.runners.ParentRunner.runLeaf(ParentRunner.java:325)
	at org.junit.runners.BlockJUnit4ClassRunner.runChild(BlockJUnit4ClassRunner.java:78)
	at org.junit.runners.BlockJUnit4ClassRunner.runChild(BlockJUnit4ClassRunner.java:57)
	at org.junit.runners.ParentRunner$3.run(ParentRunner.java:290)
	at org.junit.runners.ParentRunner$1.schedule(ParentRunner.java:71)
	at org.junit.runners.ParentRunner.runChildren(ParentRunner.java:288)
	at org.junit.runners.ParentRunner.access$000(ParentRunner.java:58)
	at org.junit.runners.ParentRunner$2.evaluate(ParentRunner.java:268)
	at org.junit.runners.ParentRunner.run(ParentRunner.java:363)
	at org.apache.maven.surefire.junit4.JUnit4Provider.execute(JUnit4Provider.java:242)
	at org.apache.maven.surefire.junit4.JUnit4Provider.executeTestSet(JUnit4Provider.java:137)
	at org.apache.maven.surefire.junit4.JUnit4Provider.invoke(JUnit4Provider.java:112)
	at java.base/jdk.internal.reflect.NativeMethodAccessorImpl.invoke0(Native Method)
	at java.base/jdk.internal.reflect.NativeMethodAccessorImpl.invoke(NativeMethodAccessorImpl.java:62)
	at java.base/jdk.internal.reflect.DelegatingMethodAccessorImpl.invoke(DelegatingMethodAccessorImpl.java:43)
	at java.base/java.lang.reflect.Method.invoke(Method.java:567)
	at org.apache.maven.surefire.util.ReflectionUtils.invokeMethodWithArray(ReflectionUtils.java:189)
	at org.apache.maven.surefire.booter.ProviderFactory$ProviderProxy.invoke(ProviderFactory.java:165)
	at org.apache.maven.surefire.booter.ProviderFactory.invokeProvider(ProviderFactory.java:85)
	at org.apache.maven.surefire.booter.ForkedBooter.runSuitesInProcess(ForkedBooter.java:115)
	at org.apache.maven.surefire.booter.ForkedBooter.main(ForkedBooter.java:75)
Caused by: java.lang.ClassNotFoundException: javax.activation.DataSource
	at java.base/jdk.internal.loader.BuiltinClassLoader.loadClass(BuiltinClassLoader.java:583)
	at java.base/jdk.internal.loader.ClassLoaders$AppClassLoader.loadClass(ClassLoaders.java:178)
	at java.base/java.lang.ClassLoader.loadClass(ClassLoader.java:521)
	... 97 more
MultiException stack 2 of 2
java.lang.IllegalArgumentException: Errors were discovered while reifying SystemDescriptor(
	implementation=org.glassfish.jersey.message.internal.DataSourceProvider
	contracts={javax.ws.rs.ext.MessageBodyReader,javax.ws.rs.ext.MessageBodyWriter}
	scope=javax.inject.Singleton
	qualifiers={}
	descriptorType=CLASS
	descriptorVisibility=NORMAL
	metadata=
	rank=0
	loader=org.glassfish.hk2.utilities.binding.AbstractBinder$2@482bce4f
	proxiable=null
	proxyForSameScope=null
	analysisName=null
	id=11
	locatorId=1
	identityHashCode=912672706
	reified=false)
	at org.jvnet.hk2.internal.SystemDescriptor.reify(SystemDescriptor.java:689)
	at org.jvnet.hk2.internal.ServiceLocatorImpl.reifyDescriptor(ServiceLocatorImpl.java:416)
	at org.jvnet.hk2.internal.ServiceLocatorImpl.narrow(ServiceLocatorImpl.java:2146)
	at org.jvnet.hk2.internal.ServiceLocatorImpl.access$1000(ServiceLocatorImpl.java:120)
	at org.jvnet.hk2.internal.ServiceLocatorImpl$9.compute(ServiceLocatorImpl.java:1281)
	at org.jvnet.hk2.internal.ServiceLocatorImpl$9.compute(ServiceLocatorImpl.java:1276)
	at org.glassfish.hk2.utilities.cache.LRUHybridCache$OriginThreadAwareFuture$1.call(LRUHybridCache.java:115)
	at org.glassfish.hk2.utilities.cache.LRUHybridCache$OriginThreadAwareFuture$1.call(LRUHybridCache.java:111)
	at java.base/java.util.concurrent.FutureTask.run(FutureTask.java:264)
	at org.glassfish.hk2.utilities.cache.LRUHybridCache$OriginThreadAwareFuture.run(LRUHybridCache.java:173)
	at org.glassfish.hk2.utilities.cache.LRUHybridCache.compute(LRUHybridCache.java:292)
	at org.jvnet.hk2.internal.ServiceLocatorImpl.internalGetAllServiceHandles(ServiceLocatorImpl.java:1354)
	at org.jvnet.hk2.internal.ServiceLocatorImpl.getAllServiceHandles(ServiceLocatorImpl.java:1263)
	at org.jvnet.hk2.internal.ServiceLocatorImpl.getAllServiceHandles(ServiceLocatorImpl.java:1252)
	at org.glassfish.jersey.internal.inject.Providers.getServiceHandles(Providers.java:354)
	at org.glassfish.jersey.internal.inject.Providers.getCustomProviders(Providers.java:201)
	at org.glassfish.jersey.message.internal.MessageBodyFactory.&lt;init&gt;(MessageBodyFactory.java:247)
	at java.base/jdk.internal.reflect.NativeConstructorAccessorImpl.newInstance0(Native Method)
	at java.base/jdk.internal.reflect.NativeConstructorAccessorImpl.newInstance(NativeConstructorAccessorImpl.java:62)
	at java.base/jdk.internal.reflect.DelegatingConstructorAccessorImpl.newInstance(DelegatingConstructorAccessorImpl.java:45)
	at java.base/java.lang.reflect.Constructor.newInstanceWithCaller(Constructor.java:500)
	at java.base/java.lang.reflect.Constructor.newInstance(Constructor.java:481)
	at org.glassfish.hk2.utilities.reflection.ReflectionHelper.makeMe(ReflectionHelper.java:1129)
	at org.jvnet.hk2.internal.ClazzCreator.createMe(ClazzCreator.java:274)
	at org.jvnet.hk2.internal.ClazzCreator.create(ClazzCreator.java:368)
	at org.jvnet.hk2.internal.SystemDescriptor.create(SystemDescriptor.java:471)
	at org.jvnet.hk2.internal.SingletonContext$1.compute(SingletonContext.java:82)
	at org.jvnet.hk2.internal.SingletonContext$1.compute(SingletonContext.java:70)
	at org.glassfish.hk2.utilities.cache.Cache$OriginThreadAwareFuture$1.call(Cache.java:97)
	at java.base/java.util.concurrent.FutureTask.run(FutureTask.java:264)
	at org.glassfish.hk2.utilities.cache.Cache$OriginThreadAwareFuture.run(Cache.java:154)
	at org.glassfish.hk2.utilities.cache.Cache.compute(Cache.java:199)
	at org.jvnet.hk2.internal.SingletonContext.findOrCreate(SingletonContext.java:121)
	at org.jvnet.hk2.internal.Utilities.createService(Utilities.java:2064)
	at org.jvnet.hk2.internal.ServiceLocatorImpl.internalGetService(ServiceLocatorImpl.java:711)
	at org.jvnet.hk2.internal.ServiceLocatorImpl.getService(ServiceLocatorImpl.java:661)
	at org.jvnet.hk2.internal.IterableProviderImpl.get(IterableProviderImpl.java:108)
	at org.glassfish.jersey.client.RequestProcessingInitializationStage.apply(RequestProcessingInitializationStage.java:97)
	at org.glassfish.jersey.client.RequestProcessingInitializationStage.apply(RequestProcessingInitializationStage.java:67)
	at org.glassfish.jersey.process.internal.Stages$LinkedStage.apply(Stages.java:308)
	at org.glassfish.jersey.process.internal.Stages.process(Stages.java:171)
	at org.glassfish.jersey.client.ClientRuntime.invoke(ClientRuntime.java:245)
	at org.glassfish.jersey.client.JerseyInvocation$1.call(JerseyInvocation.java:671)
	at org.glassfish.jersey.client.JerseyInvocation$1.call(JerseyInvocation.java:668)
	at org.glassfish.jersey.internal.Errors.process(Errors.java:315)
	at org.glassfish.jersey.internal.Errors.process(Errors.java:297)
	at org.glassfish.jersey.internal.Errors.process(Errors.java:228)
	at org.glassfish.jersey.process.internal.RequestScope.runInScope(RequestScope.java:444)
	at org.glassfish.jersey.client.JerseyInvocation.invoke(JerseyInvocation.java:668)
	at org.glassfish.jersey.client.JerseyInvocation$Builder.method(JerseyInvocation.java:428)
	at org.glassfish.jersey.client.JerseyInvocation$Builder.post(JerseyInvocation.java:334)
	at com.airhacks.doit.business.reminders.boundary.TodosResourceIT.createToDoWithHighPriorityWithoutDescription(TodosResourceIT.java:112)
	at java.base/jdk.internal.reflect.NativeMethodAccessorImpl.invoke0(Native Method)
	at java.base/jdk.internal.reflect.NativeMethodAccessorImpl.invoke(NativeMethodAccessorImpl.java:62)
	at java.base/jdk.internal.reflect.DelegatingMethodAccessorImpl.invoke(DelegatingMethodAccessorImpl.java:43)
	at java.base/java.lang.reflect.Method.invoke(Method.java:567)
	at org.junit.runners.model.FrameworkMethod$1.runReflectiveCall(FrameworkMethod.java:50)
	at org.junit.internal.runners.model.ReflectiveCallable.run(ReflectiveCallable.java:12)
	at org.junit.runners.model.FrameworkMethod.invokeExplosively(FrameworkMethod.java:47)
	at org.junit.internal.runners.statements.InvokeMethod.evaluate(InvokeMethod.java:17)
	at com.airhacks.rulz.jaxrsclient.JAXRSClientProvider$1.evaluate(JAXRSClientProvider.java:61)
	at org.junit.rules.RunRules.evaluate(RunRules.java:20)
	at org.junit.runners.ParentRunner.runLeaf(ParentRunner.java:325)
	at org.junit.runners.BlockJUnit4ClassRunner.runChild(BlockJUnit4ClassRunner.java:78)
	at org.junit.runners.BlockJUnit4ClassRunner.runChild(BlockJUnit4ClassRunner.java:57)
	at org.junit.runners.ParentRunner$3.run(ParentRunner.java:290)
	at org.junit.runners.ParentRunner$1.schedule(ParentRunner.java:71)
	at org.junit.runners.ParentRunner.runChildren(ParentRunner.java:288)
	at org.junit.runners.ParentRunner.access$000(ParentRunner.java:58)
	at org.junit.runners.ParentRunner$2.evaluate(ParentRunner.java:268)
	at org.junit.runners.ParentRunner.run(ParentRunner.java:363)
	at org.apache.maven.surefire.junit4.JUnit4Provider.execute(JUnit4Provider.java:242)
	at org.apache.maven.surefire.junit4.JUnit4Provider.executeTestSet(JUnit4Provider.java:137)
	at org.apache.maven.surefire.junit4.JUnit4Provider.invoke(JUnit4Provider.java:112)
	at java.base/jdk.internal.reflect.NativeMethodAccessorImpl.invoke0(Native Method)
	at java.base/jdk.internal.reflect.NativeMethodAccessorImpl.invoke(NativeMethodAccessorImpl.java:62)
	at java.base/jdk.internal.reflect.DelegatingMethodAccessorImpl.invoke(DelegatingMethodAccessorImpl.java:43)
	at java.base/java.lang.reflect.Method.invoke(Method.java:567)
	at org.apache.maven.surefire.util.ReflectionUtils.invokeMethodWithArray(ReflectionUtils.java:189)
	at org.apache.maven.surefire.booter.ProviderFactory$ProviderProxy.invoke(ProviderFactory.java:165)
	at org.apache.maven.surefire.booter.ProviderFactory.invokeProvider(ProviderFactory.java:85)
	at org.apache.maven.surefire.booter.ForkedBooter.runSuitesInProcess(ForkedBooter.java:115)
	at org.apache.maven.surefire.booter.ForkedBooter.main(ForkedBooter.java:75)

WARNING: HK2 service reification failed for [org.glassfish.jersey.message.internal.DataSourceProvider] with an exception:
MultiException stack 1 of 2
java.lang.NoClassDefFoundError: javax/activation/DataSource
	at java.base/java.lang.Class.getDeclaredConstructors0(Native Method)
	at java.base/java.lang.Class.privateGetDeclaredConstructors(Class.java:3143)
	at java.base/java.lang.Class.getDeclaredConstructors(Class.java:2363)
	at org.jvnet.hk2.internal.Utilities$3.run(Utilities.java:1310)
	at org.jvnet.hk2.internal.Utilities$3.run(Utilities.java:1306)
	at java.base/java.security.AccessController.doPrivileged(AccessController.java:310)
	at org.jvnet.hk2.internal.Utilities.getAllConstructors(Utilities.java:1306)
	at org.jvnet.hk2.internal.Utilities.findProducerConstructor(Utilities.java:1249)
	at org.jvnet.hk2.internal.DefaultClassAnalyzer.getConstructor(DefaultClassAnalyzer.java:82)
	at org.glassfish.jersey.internal.inject.JerseyClassAnalyzer.getConstructor(JerseyClassAnalyzer.java:144)
	at org.jvnet.hk2.internal.Utilities.getConstructor(Utilities.java:180)
	at org.jvnet.hk2.internal.ClazzCreator.initialize(ClazzCreator.java:129)
	at org.jvnet.hk2.internal.ClazzCreator.initialize(ClazzCreator.java:182)
	at org.jvnet.hk2.internal.SystemDescriptor.internalReify(SystemDescriptor.java:723)
	at org.jvnet.hk2.internal.SystemDescriptor.reify(SystemDescriptor.java:678)
	at org.jvnet.hk2.internal.ServiceLocatorImpl.reifyDescriptor(ServiceLocatorImpl.java:416)
	at org.jvnet.hk2.internal.ServiceLocatorImpl.narrow(ServiceLocatorImpl.java:2146)
	at org.jvnet.hk2.internal.ServiceLocatorImpl.access$1000(ServiceLocatorImpl.java:120)
	at org.jvnet.hk2.internal.ServiceLocatorImpl$9.compute(ServiceLocatorImpl.java:1281)
	at org.jvnet.hk2.internal.ServiceLocatorImpl$9.compute(ServiceLocatorImpl.java:1276)
	at org.glassfish.hk2.utilities.cache.LRUHybridCache$OriginThreadAwareFuture$1.call(LRUHybridCache.java:115)
	at org.glassfish.hk2.utilities.cache.LRUHybridCache$OriginThreadAwareFuture$1.call(LRUHybridCache.java:111)
	at java.base/java.util.concurrent.FutureTask.run(FutureTask.java:264)
	at org.glassfish.hk2.utilities.cache.LRUHybridCache$OriginThreadAwareFuture.run(LRUHybridCache.java:173)
	at org.glassfish.hk2.utilities.cache.LRUHybridCache.compute(LRUHybridCache.java:292)
	at org.jvnet.hk2.internal.ServiceLocatorImpl.internalGetAllServiceHandles(ServiceLocatorImpl.java:1354)
	at org.jvnet.hk2.internal.ServiceLocatorImpl.getAllServiceHandles(ServiceLocatorImpl.java:1263)
	at org.jvnet.hk2.internal.ServiceLocatorImpl.getAllServiceHandles(ServiceLocatorImpl.java:1252)
	at org.glassfish.jersey.internal.inject.Providers.getServiceHandles(Providers.java:354)
	at org.glassfish.jersey.internal.inject.Providers.getCustomProviders(Providers.java:201)
	at org.glassfish.jersey.message.internal.MessageBodyFactory.&lt;init&gt;(MessageBodyFactory.java:247)
	at java.base/jdk.internal.reflect.NativeConstructorAccessorImpl.newInstance0(Native Method)
	at java.base/jdk.internal.reflect.NativeConstructorAccessorImpl.newInstance(NativeConstructorAccessorImpl.java:62)
	at java.base/jdk.internal.reflect.DelegatingConstructorAccessorImpl.newInstance(DelegatingConstructorAccessorImpl.java:45)
	at java.base/java.lang.reflect.Constructor.newInstanceWithCaller(Constructor.java:500)
	at java.base/java.lang.reflect.Constructor.newInstance(Constructor.java:481)
	at org.glassfish.hk2.utilities.reflection.ReflectionHelper.makeMe(ReflectionHelper.java:1129)
	at org.jvnet.hk2.internal.ClazzCreator.createMe(ClazzCreator.java:274)
	at org.jvnet.hk2.internal.ClazzCreator.create(ClazzCreator.java:368)
	at org.jvnet.hk2.internal.SystemDescriptor.create(SystemDescriptor.java:471)
	at org.jvnet.hk2.internal.SingletonContext$1.compute(SingletonContext.java:82)
	at org.jvnet.hk2.internal.SingletonContext$1.compute(SingletonContext.java:70)
	at org.glassfish.hk2.utilities.cache.Cache$OriginThreadAwareFuture$1.call(Cache.java:97)
	at java.base/java.util.concurrent.FutureTask.run(FutureTask.java:264)
	at org.glassfish.hk2.utilities.cache.Cache$OriginThreadAwareFuture.run(Cache.java:154)
	at org.glassfish.hk2.utilities.cache.Cache.compute(Cache.java:199)
	at org.jvnet.hk2.internal.SingletonContext.findOrCreate(SingletonContext.java:121)
	at org.jvnet.hk2.internal.Utilities.createService(Utilities.java:2064)
	at org.jvnet.hk2.internal.ServiceLocatorImpl.internalGetService(ServiceLocatorImpl.java:711)
	at org.jvnet.hk2.internal.ServiceLocatorImpl.getService(ServiceLocatorImpl.java:661)
	at org.jvnet.hk2.internal.IterableProviderImpl.get(IterableProviderImpl.java:108)
	at org.glassfish.jersey.client.RequestProcessingInitializationStage.apply(RequestProcessingInitializationStage.java:97)
	at org.glassfish.jersey.client.RequestProcessingInitializationStage.apply(RequestProcessingInitializationStage.java:67)
	at org.glassfish.jersey.process.internal.Stages$LinkedStage.apply(Stages.java:308)
	at org.glassfish.jersey.process.internal.Stages.process(Stages.java:171)
	at org.glassfish.jersey.client.ClientRuntime.invoke(ClientRuntime.java:245)
	at org.glassfish.jersey.client.JerseyInvocation$1.call(JerseyInvocation.java:671)
	at org.glassfish.jersey.client.JerseyInvocation$1.call(JerseyInvocation.java:668)
	at org.glassfish.jersey.internal.Errors.process(Errors.java:315)
	at org.glassfish.jersey.internal.Errors.process(Errors.java:297)
	at org.glassfish.jersey.internal.Errors.process(Errors.java:228)
	at org.glassfish.jersey.process.internal.RequestScope.runInScope(RequestScope.java:444)
	at org.glassfish.jersey.client.JerseyInvocation.invoke(JerseyInvocation.java:668)
	at org.glassfish.jersey.client.JerseyInvocation$Builder.method(JerseyInvocation.java:428)
	at org.glassfish.jersey.client.JerseyInvocation$Builder.post(JerseyInvocation.java:334)
	at com.airhacks.doit.business.reminders.boundary.TodosResourceIT.createToDoWithHighPriorityWithoutDescription(TodosResourceIT.java:112)
	at java.base/jdk.internal.reflect.NativeMethodAccessorImpl.invoke0(Native Method)
	at java.base/jdk.internal.reflect.NativeMethodAccessorImpl.invoke(NativeMethodAccessorImpl.java:62)
	at java.base/jdk.internal.reflect.DelegatingMethodAccessorImpl.invoke(DelegatingMethodAccessorImpl.java:43)
	at java.base/java.lang.reflect.Method.invoke(Method.java:567)
	at org.junit.runners.model.FrameworkMethod$1.runReflectiveCall(FrameworkMethod.java:50)
	at org.junit.internal.runners.model.ReflectiveCallable.run(ReflectiveCallable.java:12)
	at org.junit.runners.model.FrameworkMethod.invokeExplosively(FrameworkMethod.java:47)
	at org.junit.internal.runners.statements.InvokeMethod.evaluate(InvokeMethod.java:17)
	at com.airhacks.rulz.jaxrsclient.JAXRSClientProvider$1.evaluate(JAXRSClientProvider.java:61)
	at org.junit.rules.RunRules.evaluate(RunRules.java:20)
	at org.junit.runners.ParentRunner.runLeaf(ParentRunner.java:325)
	at org.junit.runners.BlockJUnit4ClassRunner.runChild(BlockJUnit4ClassRunner.java:78)
	at org.junit.runners.BlockJUnit4ClassRunner.runChild(BlockJUnit4ClassRunner.java:57)
	at org.junit.runners.ParentRunner$3.run(ParentRunner.java:290)
	at org.junit.runners.ParentRunner$1.schedule(ParentRunner.java:71)
	at org.junit.runners.ParentRunner.runChildren(ParentRunner.java:288)
	at org.junit.runners.ParentRunner.access$000(ParentRunner.java:58)
	at org.junit.runners.ParentRunner$2.evaluate(ParentRunner.java:268)
	at org.junit.runners.ParentRunner.run(ParentRunner.java:363)
	at org.apache.maven.surefire.junit4.JUnit4Provider.execute(JUnit4Provider.java:242)
	at org.apache.maven.surefire.junit4.JUnit4Provider.executeTestSet(JUnit4Provider.java:137)
	at org.apache.maven.surefire.junit4.JUnit4Provider.invoke(JUnit4Provider.java:112)
	at java.base/jdk.internal.reflect.NativeMethodAccessorImpl.invoke0(Native Method)
	at java.base/jdk.internal.reflect.NativeMethodAccessorImpl.invoke(NativeMethodAccessorImpl.java:62)
	at java.base/jdk.internal.reflect.DelegatingMethodAccessorImpl.invoke(DelegatingMethodAccessorImpl.java:43)
	at java.base/java.lang.reflect.Method.invoke(Method.java:567)
	at org.apache.maven.surefire.util.ReflectionUtils.invokeMethodWithArray(ReflectionUtils.java:189)
	at org.apache.maven.surefire.booter.ProviderFactory$ProviderProxy.invoke(ProviderFactory.java:165)
	at org.apache.maven.surefire.booter.ProviderFactory.invokeProvider(ProviderFactory.java:85)
	at org.apache.maven.surefire.booter.ForkedBooter.runSuitesInProcess(ForkedBooter.java:115)
	at org.apache.maven.surefire.booter.ForkedBooter.main(ForkedBooter.java:75)
Caused by: java.lang.ClassNotFoundException: javax.activation.DataSource
	at java.base/jdk.internal.loader.BuiltinClassLoader.loadClass(BuiltinClassLoader.java:583)
	at java.base/jdk.internal.loader.ClassLoaders$AppClassLoader.loadClass(ClassLoaders.java:178)
	at java.base/java.lang.ClassLoader.loadClass(ClassLoader.java:521)
	... 97 more
MultiException stack 2 of 2
java.lang.IllegalArgumentException: Errors were discovered while reifying SystemDescriptor(
	implementation=org.glassfish.jersey.message.internal.DataSourceProvider
	contracts={javax.ws.rs.ext.MessageBodyReader,javax.ws.rs.ext.MessageBodyWriter}
	scope=javax.inject.Singleton
	qualifiers={}
	descriptorType=CLASS
	descriptorVisibility=NORMAL
	metadata=
	rank=0
	loader=org.glassfish.hk2.utilities.binding.AbstractBinder$2@482bce4f
	proxiable=null
	proxyForSameScope=null
	analysisName=null
	id=11
	locatorId=1
	identityHashCode=912672706
	reified=false)
	at org.jvnet.hk2.internal.SystemDescriptor.reify(SystemDescriptor.java:689)
	at org.jvnet.hk2.internal.ServiceLocatorImpl.reifyDescriptor(ServiceLocatorImpl.java:416)
	at org.jvnet.hk2.internal.ServiceLocatorImpl.narrow(ServiceLocatorImpl.java:2146)
	at org.jvnet.hk2.internal.ServiceLocatorImpl.access$1000(ServiceLocatorImpl.java:120)
	at org.jvnet.hk2.internal.ServiceLocatorImpl$9.compute(ServiceLocatorImpl.java:1281)
	at org.jvnet.hk2.internal.ServiceLocatorImpl$9.compute(ServiceLocatorImpl.java:1276)
	at org.glassfish.hk2.utilities.cache.LRUHybridCache$OriginThreadAwareFuture$1.call(LRUHybridCache.java:115)
	at org.glassfish.hk2.utilities.cache.LRUHybridCache$OriginThreadAwareFuture$1.call(LRUHybridCache.java:111)
	at java.base/java.util.concurrent.FutureTask.run(FutureTask.java:264)
	at org.glassfish.hk2.utilities.cache.LRUHybridCache$OriginThreadAwareFuture.run(LRUHybridCache.java:173)
	at org.glassfish.hk2.utilities.cache.LRUHybridCache.compute(LRUHybridCache.java:292)
	at org.jvnet.hk2.internal.ServiceLocatorImpl.internalGetAllServiceHandles(ServiceLocatorImpl.java:1354)
	at org.jvnet.hk2.internal.ServiceLocatorImpl.getAllServiceHandles(ServiceLocatorImpl.java:1263)
	at org.jvnet.hk2.internal.ServiceLocatorImpl.getAllServiceHandles(ServiceLocatorImpl.java:1252)
	at org.glassfish.jersey.internal.inject.Providers.getServiceHandles(Providers.java:354)
	at org.glassfish.jersey.internal.inject.Providers.getCustomProviders(Providers.java:201)
	at org.glassfish.jersey.message.internal.MessageBodyFactory.&lt;init&gt;(MessageBodyFactory.java:247)
	at java.base/jdk.internal.reflect.NativeConstructorAccessorImpl.newInstance0(Native Method)
	at java.base/jdk.internal.reflect.NativeConstructorAccessorImpl.newInstance(NativeConstructorAccessorImpl.java:62)
	at java.base/jdk.internal.reflect.DelegatingConstructorAccessorImpl.newInstance(DelegatingConstructorAccessorImpl.java:45)
	at java.base/java.lang.reflect.Constructor.newInstanceWithCaller(Constructor.java:500)
	at java.base/java.lang.reflect.Constructor.newInstance(Constructor.java:481)
	at org.glassfish.hk2.utilities.reflection.ReflectionHelper.makeMe(ReflectionHelper.java:1129)
	at org.jvnet.hk2.internal.ClazzCreator.createMe(ClazzCreator.java:274)
	at org.jvnet.hk2.internal.ClazzCreator.create(ClazzCreator.java:368)
	at org.jvnet.hk2.internal.SystemDescriptor.create(SystemDescriptor.java:471)
	at org.jvnet.hk2.internal.SingletonContext$1.compute(SingletonContext.java:82)
	at org.jvnet.hk2.internal.SingletonContext$1.compute(SingletonContext.java:70)
	at org.glassfish.hk2.utilities.cache.Cache$OriginThreadAwareFuture$1.call(Cache.java:97)
	at java.base/java.util.concurrent.FutureTask.run(FutureTask.java:264)
	at org.glassfish.hk2.utilities.cache.Cache$OriginThreadAwareFuture.run(Cache.java:154)
	at org.glassfish.hk2.utilities.cache.Cache.compute(Cache.java:199)
	at org.jvnet.hk2.internal.SingletonContext.findOrCreate(SingletonContext.java:121)
	at org.jvnet.hk2.internal.Utilities.createService(Utilities.java:2064)
	at org.jvnet.hk2.internal.ServiceLocatorImpl.internalGetService(ServiceLocatorImpl.java:711)
	at org.jvnet.hk2.internal.ServiceLocatorImpl.getService(ServiceLocatorImpl.java:661)
	at org.jvnet.hk2.internal.IterableProviderImpl.get(IterableProviderImpl.java:108)
	at org.glassfish.jersey.client.RequestProcessingInitializationStage.apply(RequestProcessingInitializationStage.java:97)
	at org.glassfish.jersey.client.RequestProcessingInitializationStage.apply(RequestProcessingInitializationStage.java:67)
	at org.glassfish.jersey.process.internal.Stages$LinkedStage.apply(Stages.java:308)
	at org.glassfish.jersey.process.internal.Stages.process(Stages.java:171)
	at org.glassfish.jersey.client.ClientRuntime.invoke(ClientRuntime.java:245)
	at org.glassfish.jersey.client.JerseyInvocation$1.call(JerseyInvocation.java:671)
	at org.glassfish.jersey.client.JerseyInvocation$1.call(JerseyInvocation.java:668)
	at org.glassfish.jersey.internal.Errors.process(Errors.java:315)
	at org.glassfish.jersey.internal.Errors.process(Errors.java:297)
	at org.glassfish.jersey.internal.Errors.process(Errors.java:228)
	at org.glassfish.jersey.process.internal.RequestScope.runInScope(RequestScope.java:444)
	at org.glassfish.jersey.client.JerseyInvocation.invoke(JerseyInvocation.java:668)
	at org.glassfish.jersey.client.JerseyInvocation$Builder.method(JerseyInvocation.java:428)
	at org.glassfish.jersey.client.JerseyInvocation$Builder.post(JerseyInvocation.java:334)
	at com.airhacks.doit.business.reminders.boundary.TodosResourceIT.createToDoWithHighPriorityWithoutDescription(TodosResourceIT.java:112)
	at java.base/jdk.internal.reflect.NativeMethodAccessorImpl.invoke0(Native Method)
	at java.base/jdk.internal.reflect.NativeMethodAccessorImpl.invoke(NativeMethodAccessorImpl.java:62)
	at java.base/jdk.internal.reflect.DelegatingMethodAccessorImpl.invoke(DelegatingMethodAccessorImpl.java:43)
	at java.base/java.lang.reflect.Method.invoke(Method.java:567)
	at org.junit.runners.model.FrameworkMethod$1.runReflectiveCall(FrameworkMethod.java:50)
	at org.junit.internal.runners.model.ReflectiveCallable.run(ReflectiveCallable.java:12)
	at org.junit.runners.model.FrameworkMethod.invokeExplosively(FrameworkMethod.java:47)
	at org.junit.internal.runners.statements.InvokeMethod.evaluate(InvokeMethod.java:17)
	at com.airhacks.rulz.jaxrsclient.JAXRSClientProvider$1.evaluate(JAXRSClientProvider.java:61)
	at org.junit.rules.RunRules.evaluate(RunRules.java:20)
	at org.junit.runners.ParentRunner.runLeaf(ParentRunner.java:325)
	at org.junit.runners.BlockJUnit4ClassRunner.runChild(BlockJUnit4ClassRunner.java:78)
	at org.junit.runners.BlockJUnit4ClassRunner.runChild(BlockJUnit4ClassRunner.java:57)
	at org.junit.runners.ParentRunner$3.run(ParentRunner.java:290)
	at org.junit.runners.ParentRunner$1.schedule(ParentRunner.java:71)
	at org.junit.runners.ParentRunner.runChildren(ParentRunner.java:288)
	at org.junit.runners.ParentRunner.access$000(ParentRunner.java:58)
	at org.junit.runners.ParentRunner$2.evaluate(ParentRunner.java:268)
	at org.junit.runners.ParentRunner.run(ParentRunner.java:363)
	at org.apache.maven.surefire.junit4.JUnit4Provider.execute(JUnit4Provider.java:242)
	at org.apache.maven.surefire.junit4.JUnit4Provider.executeTestSet(JUnit4Provider.java:137)
	at org.apache.maven.surefire.junit4.JUnit4Provider.invoke(JUnit4Provider.java:112)
	at java.base/jdk.internal.reflect.NativeMethodAccessorImpl.invoke0(Native Method)
	at java.base/jdk.internal.reflect.NativeMethodAccessorImpl.invoke(NativeMethodAccessorImpl.java:62)
	at java.base/jdk.internal.reflect.DelegatingMethodAccessorImpl.invoke(DelegatingMethodAccessorImpl.java:43)
	at java.base/java.lang.reflect.Method.invoke(Method.java:567)
	at org.apache.maven.surefire.util.ReflectionUtils.invokeMethodWithArray(ReflectionUtils.java:189)
	at org.apache.maven.surefire.booter.ProviderFactory$ProviderProxy.invoke(ProviderFactory.java:165)
	at org.apache.maven.surefire.booter.ProviderFactory.invokeProvider(ProviderFactory.java:85)
	at org.apache.maven.surefire.booter.ForkedBooter.runSuitesInProcess(ForkedBooter.java:115)
	at org.apache.maven.surefire.booter.ForkedBooter.main(ForkedBooter.java:75)

WARNING: HK2 service reification failed for [org.glassfish.jersey.message.internal.DataSourceProvider] with an exception:
MultiException stack 1 of 2
java.lang.NoClassDefFoundError: javax/activation/DataSource
	at java.base/java.lang.Class.getDeclaredConstructors0(Native Method)
	at java.base/java.lang.Class.privateGetDeclaredConstructors(Class.java:3143)
	at java.base/java.lang.Class.getDeclaredConstructors(Class.java:2363)
	at org.jvnet.hk2.internal.Utilities$3.run(Utilities.java:1310)
	at org.jvnet.hk2.internal.Utilities$3.run(Utilities.java:1306)
	at java.base/java.security.AccessController.doPrivileged(AccessController.java:310)
	at org.jvnet.hk2.internal.Utilities.getAllConstructors(Utilities.java:1306)
	at org.jvnet.hk2.internal.Utilities.findProducerConstructor(Utilities.java:1249)
	at org.jvnet.hk2.internal.DefaultClassAnalyzer.getConstructor(DefaultClassAnalyzer.java:82)
	at org.glassfish.jersey.internal.inject.JerseyClassAnalyzer.getConstructor(JerseyClassAnalyzer.java:144)
	at org.jvnet.hk2.internal.Utilities.getConstructor(Utilities.java:180)
	at org.jvnet.hk2.internal.ClazzCreator.initialize(ClazzCreator.java:129)
	at org.jvnet.hk2.internal.ClazzCreator.initialize(ClazzCreator.java:182)
	at org.jvnet.hk2.internal.SystemDescriptor.internalReify(SystemDescriptor.java:723)
	at org.jvnet.hk2.internal.SystemDescriptor.reify(SystemDescriptor.java:678)
	at org.jvnet.hk2.internal.ServiceLocatorImpl.reifyDescriptor(ServiceLocatorImpl.java:416)
	at org.jvnet.hk2.internal.ServiceLocatorImpl.narrow(ServiceLocatorImpl.java:2146)
	at org.jvnet.hk2.internal.ServiceLocatorImpl.access$1000(ServiceLocatorImpl.java:120)
	at org.jvnet.hk2.internal.ServiceLocatorImpl$9.compute(ServiceLocatorImpl.java:1281)
	at org.jvnet.hk2.internal.ServiceLocatorImpl$9.compute(ServiceLocatorImpl.java:1276)
	at org.glassfish.hk2.utilities.cache.LRUHybridCache$OriginThreadAwareFuture$1.call(LRUHybridCache.java:115)
	at org.glassfish.hk2.utilities.cache.LRUHybridCache$OriginThreadAwareFuture$1.call(LRUHybridCache.java:111)
	at java.base/java.util.concurrent.FutureTask.run(FutureTask.java:264)
	at org.glassfish.hk2.utilities.cache.LRUHybridCache$OriginThreadAwareFuture.run(LRUHybridCache.java:173)
	at org.glassfish.hk2.utilities.cache.LRUHybridCache.compute(LRUHybridCache.java:292)
	at org.jvnet.hk2.internal.ServiceLocatorImpl.internalGetAllServiceHandles(ServiceLocatorImpl.java:1354)
	at org.jvnet.hk2.internal.ServiceLocatorImpl.getAllServiceHandles(ServiceLocatorImpl.java:1263)
	at org.jvnet.hk2.internal.ServiceLocatorImpl.getAllServiceHandles(ServiceLocatorImpl.java:1252)
	at org.glassfish.jersey.internal.inject.Providers.getServiceHandles(Providers.java:354)
	at org.glassfish.jersey.internal.inject.Providers.getProviders(Providers.java:187)
	at org.glassfish.jersey.message.internal.MessageBodyFactory.&lt;init&gt;(MessageBodyFactory.java:248)
	at java.base/jdk.internal.reflect.NativeConstructorAccessorImpl.newInstance0(Native Method)
	at java.base/jdk.internal.reflect.NativeConstructorAccessorImpl.newInstance(NativeConstructorAccessorImpl.java:62)
	at java.base/jdk.internal.reflect.DelegatingConstructorAccessorImpl.newInstance(DelegatingConstructorAccessorImpl.java:45)
	at java.base/java.lang.reflect.Constructor.newInstanceWithCaller(Constructor.java:500)
	at java.base/java.lang.reflect.Constructor.newInstance(Constructor.java:481)
	at org.glassfish.hk2.utilities.reflection.ReflectionHelper.makeMe(ReflectionHelper.java:1129)
	at org.jvnet.hk2.internal.ClazzCreator.createMe(ClazzCreator.java:274)
	at org.jvnet.hk2.internal.ClazzCreator.create(ClazzCreator.java:368)
	at org.jvnet.hk2.internal.SystemDescriptor.create(SystemDescriptor.java:471)
	at org.jvnet.hk2.internal.SingletonContext$1.compute(SingletonContext.java:82)
	at org.jvnet.hk2.internal.SingletonContext$1.compute(SingletonContext.java:70)
	at org.glassfish.hk2.utilities.cache.Cache$OriginThreadAwareFuture$1.call(Cache.java:97)
	at java.base/java.util.concurrent.FutureTask.run(FutureTask.java:264)
	at org.glassfish.hk2.utilities.cache.Cache$OriginThreadAwareFuture.run(Cache.java:154)
	at org.glassfish.hk2.utilities.cache.Cache.compute(Cache.java:199)
	at org.jvnet.hk2.internal.SingletonContext.findOrCreate(SingletonContext.java:121)
	at org.jvnet.hk2.internal.Utilities.createService(Utilities.java:2064)
	at org.jvnet.hk2.internal.ServiceLocatorImpl.internalGetService(ServiceLocatorImpl.java:711)
	at org.jvnet.hk2.internal.ServiceLocatorImpl.getService(ServiceLocatorImpl.java:661)
	at org.jvnet.hk2.internal.IterableProviderImpl.get(IterableProviderImpl.java:108)
	at org.glassfish.jersey.client.RequestProcessingInitializationStage.apply(RequestProcessingInitializationStage.java:97)
	at org.glassfish.jersey.client.RequestProcessingInitializationStage.apply(RequestProcessingInitializationStage.java:67)
	at org.glassfish.jersey.process.internal.Stages$LinkedStage.apply(Stages.java:308)
	at org.glassfish.jersey.process.internal.Stages.process(Stages.java:171)
	at org.glassfish.jersey.client.ClientRuntime.invoke(ClientRuntime.java:245)
	at org.glassfish.jersey.client.JerseyInvocation$1.call(JerseyInvocation.java:671)
	at org.glassfish.jersey.client.JerseyInvocation$1.call(JerseyInvocation.java:668)
	at org.glassfish.jersey.internal.Errors.process(Errors.java:315)
	at org.glassfish.jersey.internal.Errors.process(Errors.java:297)
	at org.glassfish.jersey.internal.Errors.process(Errors.java:228)
	at org.glassfish.jersey.process.internal.RequestScope.runInScope(RequestScope.java:444)
	at org.glassfish.jersey.client.JerseyInvocation.invoke(JerseyInvocation.java:668)
	at org.glassfish.jersey.client.JerseyInvocation$Builder.method(JerseyInvocation.java:428)
	at org.glassfish.jersey.client.JerseyInvocation$Builder.post(JerseyInvocation.java:334)
	at com.airhacks.doit.business.reminders.boundary.TodosResourceIT.createToDoWithHighPriorityWithoutDescription(TodosResourceIT.java:112)
	at java.base/jdk.internal.reflect.NativeMethodAccessorImpl.invoke0(Native Method)
	at java.base/jdk.internal.reflect.NativeMethodAccessorImpl.invoke(NativeMethodAccessorImpl.java:62)
	at java.base/jdk.internal.reflect.DelegatingMethodAccessorImpl.invoke(DelegatingMethodAccessorImpl.java:43)
	at java.base/java.lang.reflect.Method.invoke(Method.java:567)
	at org.junit.runners.model.FrameworkMethod$1.runReflectiveCall(FrameworkMethod.java:50)
	at org.junit.internal.runners.model.ReflectiveCallable.run(ReflectiveCallable.java:12)
	at org.junit.runners.model.FrameworkMethod.invokeExplosively(FrameworkMethod.java:47)
	at org.junit.internal.runners.statements.InvokeMethod.evaluate(InvokeMethod.java:17)
	at com.airhacks.rulz.jaxrsclient.JAXRSClientProvider$1.evaluate(JAXRSClientProvider.java:61)
	at org.junit.rules.RunRules.evaluate(RunRules.java:20)
	at org.junit.runners.ParentRunner.runLeaf(ParentRunner.java:325)
	at org.junit.runners.BlockJUnit4ClassRunner.runChild(BlockJUnit4ClassRunner.java:78)
	at org.junit.runners.BlockJUnit4ClassRunner.runChild(BlockJUnit4ClassRunner.java:57)
	at org.junit.runners.ParentRunner$3.run(ParentRunner.java:290)
	at org.junit.runners.ParentRunner$1.schedule(ParentRunner.java:71)
	at org.junit.runners.ParentRunner.runChildren(ParentRunner.java:288)
	at org.junit.runners.ParentRunner.access$000(ParentRunner.java:58)
	at org.junit.runners.ParentRunner$2.evaluate(ParentRunner.java:268)
	at org.junit.runners.ParentRunner.run(ParentRunner.java:363)
	at org.apache.maven.surefire.junit4.JUnit4Provider.execute(JUnit4Provider.java:242)
	at org.apache.maven.surefire.junit4.JUnit4Provider.executeTestSet(JUnit4Provider.java:137)
	at org.apache.maven.surefire.junit4.JUnit4Provider.invoke(JUnit4Provider.java:112)
	at java.base/jdk.internal.reflect.NativeMethodAccessorImpl.invoke0(Native Method)
	at java.base/jdk.internal.reflect.NativeMethodAccessorImpl.invoke(NativeMethodAccessorImpl.java:62)
	at java.base/jdk.internal.reflect.DelegatingMethodAccessorImpl.invoke(DelegatingMethodAccessorImpl.java:43)
	at java.base/java.lang.reflect.Method.invoke(Method.java:567)
	at org.apache.maven.surefire.util.ReflectionUtils.invokeMethodWithArray(ReflectionUtils.java:189)
	at org.apache.maven.surefire.booter.ProviderFactory$ProviderProxy.invoke(ProviderFactory.java:165)
	at org.apache.maven.surefire.booter.ProviderFactory.invokeProvider(ProviderFactory.java:85)
	at org.apache.maven.surefire.booter.ForkedBooter.runSuitesInProcess(ForkedBooter.java:115)
	at org.apache.maven.surefire.booter.ForkedBooter.main(ForkedBooter.java:75)
Caused by: java.lang.ClassNotFoundException: javax.activation.DataSource
	at java.base/jdk.internal.loader.BuiltinClassLoader.loadClass(BuiltinClassLoader.java:583)
	at java.base/jdk.internal.loader.ClassLoaders$AppClassLoader.loadClass(ClassLoaders.java:178)
	at java.base/java.lang.ClassLoader.loadClass(ClassLoader.java:521)
	... 97 more
MultiException stack 2 of 2
java.lang.IllegalArgumentException: Errors were discovered while reifying SystemDescriptor(
	implementation=org.glassfish.jersey.message.internal.DataSourceProvider
	contracts={javax.ws.rs.ext.MessageBodyReader,javax.ws.rs.ext.MessageBodyWriter}
	scope=javax.inject.Singleton
	qualifiers={}
	descriptorType=CLASS
	descriptorVisibility=NORMAL
	metadata=
	rank=0
	loader=org.glassfish.hk2.utilities.binding.AbstractBinder$2@482bce4f
	proxiable=null
	proxyForSameScope=null
	analysisName=null
	id=11
	locatorId=1
	identityHashCode=912672706
	reified=false)
	at org.jvnet.hk2.internal.SystemDescriptor.reify(SystemDescriptor.java:689)
	at org.jvnet.hk2.internal.ServiceLocatorImpl.reifyDescriptor(ServiceLocatorImpl.java:416)
	at org.jvnet.hk2.internal.ServiceLocatorImpl.narrow(ServiceLocatorImpl.java:2146)
	at org.jvnet.hk2.internal.ServiceLocatorImpl.access$1000(ServiceLocatorImpl.java:120)
	at org.jvnet.hk2.internal.ServiceLocatorImpl$9.compute(ServiceLocatorImpl.java:1281)
	at org.jvnet.hk2.internal.ServiceLocatorImpl$9.compute(ServiceLocatorImpl.java:1276)
	at org.glassfish.hk2.utilities.cache.LRUHybridCache$OriginThreadAwareFuture$1.call(LRUHybridCache.java:115)
	at org.glassfish.hk2.utilities.cache.LRUHybridCache$OriginThreadAwareFuture$1.call(LRUHybridCache.java:111)
	at java.base/java.util.concurrent.FutureTask.run(FutureTask.java:264)
	at org.glassfish.hk2.utilities.cache.LRUHybridCache$OriginThreadAwareFuture.run(LRUHybridCache.java:173)
	at org.glassfish.hk2.utilities.cache.LRUHybridCache.compute(LRUHybridCache.java:292)
	at org.jvnet.hk2.internal.ServiceLocatorImpl.internalGetAllServiceHandles(ServiceLocatorImpl.java:1354)
	at org.jvnet.hk2.internal.ServiceLocatorImpl.getAllServiceHandles(ServiceLocatorImpl.java:1263)
	at org.jvnet.hk2.internal.ServiceLocatorImpl.getAllServiceHandles(ServiceLocatorImpl.java:1252)
	at org.glassfish.jersey.internal.inject.Providers.getServiceHandles(Providers.java:354)
	at org.glassfish.jersey.internal.inject.Providers.getProviders(Providers.java:187)
	at org.glassfish.jersey.message.internal.MessageBodyFactory.&lt;init&gt;(MessageBodyFactory.java:248)
	at java.base/jdk.internal.reflect.NativeConstructorAccessorImpl.newInstance0(Native Method)
	at java.base/jdk.internal.reflect.NativeConstructorAccessorImpl.newInstance(NativeConstructorAccessorImpl.java:62)
	at java.base/jdk.internal.reflect.DelegatingConstructorAccessorImpl.newInstance(DelegatingConstructorAccessorImpl.java:45)
	at java.base/java.lang.reflect.Constructor.newInstanceWithCaller(Constructor.java:500)
	at java.base/java.lang.reflect.Constructor.newInstance(Constructor.java:481)
	at org.glassfish.hk2.utilities.reflection.ReflectionHelper.makeMe(ReflectionHelper.java:1129)
	at org.jvnet.hk2.internal.ClazzCreator.createMe(ClazzCreator.java:274)
	at org.jvnet.hk2.internal.ClazzCreator.create(ClazzCreator.java:368)
	at org.jvnet.hk2.internal.SystemDescriptor.create(SystemDescriptor.java:471)
	at org.jvnet.hk2.internal.SingletonContext$1.compute(SingletonContext.java:82)
	at org.jvnet.hk2.internal.SingletonContext$1.compute(SingletonContext.java:70)
	at org.glassfish.hk2.utilities.cache.Cache$OriginThreadAwareFuture$1.call(Cache.java:97)
	at java.base/java.util.concurrent.FutureTask.run(FutureTask.java:264)
	at org.glassfish.hk2.utilities.cache.Cache$OriginThreadAwareFuture.run(Cache.java:154)
	at org.glassfish.hk2.utilities.cache.Cache.compute(Cache.java:199)
	at org.jvnet.hk2.internal.SingletonContext.findOrCreate(SingletonContext.java:121)
	at org.jvnet.hk2.internal.Utilities.createService(Utilities.java:2064)
	at org.jvnet.hk2.internal.ServiceLocatorImpl.internalGetService(ServiceLocatorImpl.java:711)
	at org.jvnet.hk2.internal.ServiceLocatorImpl.getService(ServiceLocatorImpl.java:661)
	at org.jvnet.hk2.internal.IterableProviderImpl.get(IterableProviderImpl.java:108)
	at org.glassfish.jersey.client.RequestProcessingInitializationStage.apply(RequestProcessingInitializationStage.java:97)
	at org.glassfish.jersey.client.RequestProcessingInitializationStage.apply(RequestProcessingInitializationStage.java:67)
	at org.glassfish.jersey.process.internal.Stages$LinkedStage.apply(Stages.java:308)
	at org.glassfish.jersey.process.internal.Stages.process(Stages.java:171)
	at org.glassfish.jersey.client.ClientRuntime.invoke(ClientRuntime.java:245)
	at org.glassfish.jersey.client.JerseyInvocation$1.call(JerseyInvocation.java:671)
	at org.glassfish.jersey.client.JerseyInvocation$1.call(JerseyInvocation.java:668)
	at org.glassfish.jersey.internal.Errors.process(Errors.java:315)
	at org.glassfish.jersey.internal.Errors.process(Errors.java:297)
	at org.glassfish.jersey.internal.Errors.process(Errors.java:228)
	at org.glassfish.jersey.process.internal.RequestScope.runInScope(RequestScope.java:444)
	at org.glassfish.jersey.client.JerseyInvocation.invoke(JerseyInvocation.java:668)
	at org.glassfish.jersey.client.JerseyInvocation$Builder.method(JerseyInvocation.java:428)
	at org.glassfish.jersey.client.JerseyInvocation$Builder.post(JerseyInvocation.java:334)
	at com.airhacks.doit.business.reminders.boundary.TodosResourceIT.createToDoWithHighPriorityWithoutDescription(TodosResourceIT.java:112)
	at java.base/jdk.internal.reflect.NativeMethodAccessorImpl.invoke0(Native Method)
	at java.base/jdk.internal.reflect.NativeMethodAccessorImpl.invoke(NativeMethodAccessorImpl.java:62)
	at java.base/jdk.internal.reflect.DelegatingMethodAccessorImpl.invoke(DelegatingMethodAccessorImpl.java:43)
	at java.base/java.lang.reflect.Method.invoke(Method.java:567)
	at org.junit.runners.model.FrameworkMethod$1.runReflectiveCall(FrameworkMethod.java:50)
	at org.junit.internal.runners.model.ReflectiveCallable.run(ReflectiveCallable.java:12)
	at org.junit.runners.model.FrameworkMethod.invokeExplosively(FrameworkMethod.java:47)
	at org.junit.internal.runners.statements.InvokeMethod.evaluate(InvokeMethod.java:17)
	at com.airhacks.rulz.jaxrsclient.JAXRSClientProvider$1.evaluate(JAXRSClientProvider.java:61)
	at org.junit.rules.RunRules.evaluate(RunRules.java:20)
	at org.junit.runners.ParentRunner.runLeaf(ParentRunner.java:325)
	at org.junit.runners.BlockJUnit4ClassRunner.runChild(BlockJUnit4ClassRunner.java:78)
	at org.junit.runners.BlockJUnit4ClassRunner.runChild(BlockJUnit4ClassRunner.java:57)
	at org.junit.runners.ParentRunner$3.run(ParentRunner.java:290)
	at org.junit.runners.ParentRunner$1.schedule(ParentRunner.java:71)
	at org.junit.runners.ParentRunner.runChildren(ParentRunner.java:288)
	at org.junit.runners.ParentRunner.access$000(ParentRunner.java:58)
	at org.junit.runners.ParentRunner$2.evaluate(ParentRunner.java:268)
	at org.junit.runners.ParentRunner.run(ParentRunner.java:363)
	at org.apache.maven.surefire.junit4.JUnit4Provider.execute(JUnit4Provider.java:242)
	at org.apache.maven.surefire.junit4.JUnit4Provider.executeTestSet(JUnit4Provider.java:137)
	at org.apache.maven.surefire.junit4.JUnit4Provider.invoke(JUnit4Provider.java:112)
	at java.base/jdk.internal.reflect.NativeMethodAccessorImpl.invoke0(Native Method)
	at java.base/jdk.internal.reflect.NativeMethodAccessorImpl.invoke(NativeMethodAccessorImpl.java:62)
	at java.base/jdk.internal.reflect.DelegatingMethodAccessorImpl.invoke(DelegatingMethodAccessorImpl.java:43)
	at java.base/java.lang.reflect.Method.invoke(Method.java:567)
	at org.apache.maven.surefire.util.ReflectionUtils.invokeMethodWithArray(ReflectionUtils.java:189)
	at org.apache.maven.surefire.booter.ProviderFactory$ProviderProxy.invoke(ProviderFactory.java:165)
	at org.apache.maven.surefire.booter.ProviderFactory.invokeProvider(ProviderFactory.java:85)
	at org.apache.maven.surefire.booter.ForkedBooter.runSuitesInProcess(ForkedBooter.java:115)
	at org.apache.maven.surefire.booter.ForkedBooter.main(ForkedBooter.java:75)

WARNING: HK2 service reification failed for [org.glassfish.jersey.message.internal.DataSourceProvider] with an exception:
MultiException stack 1 of 2
java.lang.NoClassDefFoundError: javax/activation/DataSource
	at java.base/java.lang.Class.getDeclaredConstructors0(Native Method)
	at java.base/java.lang.Class.privateGetDeclaredConstructors(Class.java:3143)
	at java.base/java.lang.Class.getDeclaredConstructors(Class.java:2363)
	at org.jvnet.hk2.internal.Utilities$3.run(Utilities.java:1310)
	at org.jvnet.hk2.internal.Utilities$3.run(Utilities.java:1306)
	at java.base/java.security.AccessController.doPrivileged(AccessController.java:310)
	at org.jvnet.hk2.internal.Utilities.getAllConstructors(Utilities.java:1306)
	at org.jvnet.hk2.internal.Utilities.findProducerConstructor(Utilities.java:1249)
	at org.jvnet.hk2.internal.DefaultClassAnalyzer.getConstructor(DefaultClassAnalyzer.java:82)
	at org.glassfish.jersey.internal.inject.JerseyClassAnalyzer.getConstructor(JerseyClassAnalyzer.java:144)
	at org.jvnet.hk2.internal.Utilities.getConstructor(Utilities.java:180)
	at org.jvnet.hk2.internal.ClazzCreator.initialize(ClazzCreator.java:129)
	at org.jvnet.hk2.internal.ClazzCreator.initialize(ClazzCreator.java:182)
	at org.jvnet.hk2.internal.SystemDescriptor.internalReify(SystemDescriptor.java:723)
	at org.jvnet.hk2.internal.SystemDescriptor.reify(SystemDescriptor.java:678)
	at org.jvnet.hk2.internal.ServiceLocatorImpl.reifyDescriptor(ServiceLocatorImpl.java:416)
	at org.jvnet.hk2.internal.ServiceLocatorImpl.narrow(ServiceLocatorImpl.java:2146)
	at org.jvnet.hk2.internal.ServiceLocatorImpl.access$1000(ServiceLocatorImpl.java:120)
	at org.jvnet.hk2.internal.ServiceLocatorImpl$9.compute(ServiceLocatorImpl.java:1281)
	at org.jvnet.hk2.internal.ServiceLocatorImpl$9.compute(ServiceLocatorImpl.java:1276)
	at org.glassfish.hk2.utilities.cache.LRUHybridCache$OriginThreadAwareFuture$1.call(LRUHybridCache.java:115)
	at org.glassfish.hk2.utilities.cache.LRUHybridCache$OriginThreadAwareFuture$1.call(LRUHybridCache.java:111)
	at java.base/java.util.concurrent.FutureTask.run(FutureTask.java:264)
	at org.glassfish.hk2.utilities.cache.LRUHybridCache$OriginThreadAwareFuture.run(LRUHybridCache.java:173)
	at org.glassfish.hk2.utilities.cache.LRUHybridCache.compute(LRUHybridCache.java:292)
	at org.jvnet.hk2.internal.ServiceLocatorImpl.internalGetAllServiceHandles(ServiceLocatorImpl.java:1354)
	at org.jvnet.hk2.internal.ServiceLocatorImpl.getAllServiceHandles(ServiceLocatorImpl.java:1263)
	at org.jvnet.hk2.internal.ServiceLocatorImpl.getAllServiceHandles(ServiceLocatorImpl.java:1252)
	at org.glassfish.jersey.internal.inject.Providers.getServiceHandles(Providers.java:354)
	at org.glassfish.jersey.internal.inject.Providers.getProviders(Providers.java:187)
	at org.glassfish.jersey.message.internal.MessageBodyFactory.&lt;init&gt;(MessageBodyFactory.java:248)
	at java.base/jdk.internal.reflect.NativeConstructorAccessorImpl.newInstance0(Native Method)
	at java.base/jdk.internal.reflect.NativeConstructorAccessorImpl.newInstance(NativeConstructorAccessorImpl.java:62)
	at java.base/jdk.internal.reflect.DelegatingConstructorAccessorImpl.newInstance(DelegatingConstructorAccessorImpl.java:45)
	at java.base/java.lang.reflect.Constructor.newInstanceWithCaller(Constructor.java:500)
	at java.base/java.lang.reflect.Constructor.newInstance(Constructor.java:481)
	at org.glassfish.hk2.utilities.reflection.ReflectionHelper.makeMe(ReflectionHelper.java:1129)
	at org.jvnet.hk2.internal.ClazzCreator.createMe(ClazzCreator.java:274)
	at org.jvnet.hk2.internal.ClazzCreator.create(ClazzCreator.java:368)
	at org.jvnet.hk2.internal.SystemDescriptor.create(SystemDescriptor.java:471)
	at org.jvnet.hk2.internal.SingletonContext$1.compute(SingletonContext.java:82)
	at org.jvnet.hk2.internal.SingletonContext$1.compute(SingletonContext.java:70)
	at org.glassfish.hk2.utilities.cache.Cache$OriginThreadAwareFuture$1.call(Cache.java:97)
	at java.base/java.util.concurrent.FutureTask.run(FutureTask.java:264)
	at org.glassfish.hk2.utilities.cache.Cache$OriginThreadAwareFuture.run(Cache.java:154)
	at org.glassfish.hk2.utilities.cache.Cache.compute(Cache.java:199)
	at org.jvnet.hk2.internal.SingletonContext.findOrCreate(SingletonContext.java:121)
	at org.jvnet.hk2.internal.Utilities.createService(Utilities.java:2064)
	at org.jvnet.hk2.internal.ServiceLocatorImpl.internalGetService(ServiceLocatorImpl.java:711)
	at org.jvnet.hk2.internal.ServiceLocatorImpl.getService(ServiceLocatorImpl.java:661)
	at org.jvnet.hk2.internal.IterableProviderImpl.get(IterableProviderImpl.java:108)
	at org.glassfish.jersey.client.RequestProcessingInitializationStage.apply(RequestProcessingInitializationStage.java:97)
	at org.glassfish.jersey.client.RequestProcessingInitializationStage.apply(RequestProcessingInitializationStage.java:67)
	at org.glassfish.jersey.process.internal.Stages$LinkedStage.apply(Stages.java:308)
	at org.glassfish.jersey.process.internal.Stages.process(Stages.java:171)
	at org.glassfish.jersey.client.ClientRuntime.invoke(ClientRuntime.java:245)
	at org.glassfish.jersey.client.JerseyInvocation$1.call(JerseyInvocation.java:671)
	at org.glassfish.jersey.client.JerseyInvocation$1.call(JerseyInvocation.java:668)
	at org.glassfish.jersey.internal.Errors.process(Errors.java:315)
	at org.glassfish.jersey.internal.Errors.process(Errors.java:297)
	at org.glassfish.jersey.internal.Errors.process(Errors.java:228)
	at org.glassfish.jersey.process.internal.RequestScope.runInScope(RequestScope.java:444)
	at org.glassfish.jersey.client.JerseyInvocation.invoke(JerseyInvocation.java:668)
	at org.glassfish.jersey.client.JerseyInvocation$Builder.method(JerseyInvocation.java:428)
	at org.glassfish.jersey.client.JerseyInvocation$Builder.post(JerseyInvocation.java:334)
	at com.airhacks.doit.business.reminders.boundary.TodosResourceIT.createToDoWithHighPriorityWithoutDescription(TodosResourceIT.java:112)
	at java.base/jdk.internal.reflect.NativeMethodAccessorImpl.invoke0(Native Method)
	at java.base/jdk.internal.reflect.NativeMethodAccessorImpl.invoke(NativeMethodAccessorImpl.java:62)
	at java.base/jdk.internal.reflect.DelegatingMethodAccessorImpl.invoke(DelegatingMethodAccessorImpl.java:43)
	at java.base/java.lang.reflect.Method.invoke(Method.java:567)
	at org.junit.runners.model.FrameworkMethod$1.runReflectiveCall(FrameworkMethod.java:50)
	at org.junit.internal.runners.model.ReflectiveCallable.run(ReflectiveCallable.java:12)
	at org.junit.runners.model.FrameworkMethod.invokeExplosively(FrameworkMethod.java:47)
	at org.junit.internal.runners.statements.InvokeMethod.evaluate(InvokeMethod.java:17)
	at com.airhacks.rulz.jaxrsclient.JAXRSClientProvider$1.evaluate(JAXRSClientProvider.java:61)
	at org.junit.rules.RunRules.evaluate(RunRules.java:20)
	at org.junit.runners.ParentRunner.runLeaf(ParentRunner.java:325)
	at org.junit.runners.BlockJUnit4ClassRunner.runChild(BlockJUnit4ClassRunner.java:78)
	at org.junit.runners.BlockJUnit4ClassRunner.runChild(BlockJUnit4ClassRunner.java:57)
	at org.junit.runners.ParentRunner$3.run(ParentRunner.java:290)
	at org.junit.runners.ParentRunner$1.schedule(ParentRunner.java:71)
	at org.junit.runners.ParentRunner.runChildren(ParentRunner.java:288)
	at org.junit.runners.ParentRunner.access$000(ParentRunner.java:58)
	at org.junit.runners.ParentRunner$2.evaluate(ParentRunner.java:268)
	at org.junit.runners.ParentRunner.run(ParentRunner.java:363)
	at org.apache.maven.surefire.junit4.JUnit4Provider.execute(JUnit4Provider.java:242)
	at org.apache.maven.surefire.junit4.JUnit4Provider.executeTestSet(JUnit4Provider.java:137)
	at org.apache.maven.surefire.junit4.JUnit4Provider.invoke(JUnit4Provider.java:112)
	at java.base/jdk.internal.reflect.NativeMethodAccessorImpl.invoke0(Native Method)
	at java.base/jdk.internal.reflect.NativeMethodAccessorImpl.invoke(NativeMethodAccessorImpl.java:62)
	at java.base/jdk.internal.reflect.DelegatingMethodAccessorImpl.invoke(DelegatingMethodAccessorImpl.java:43)
	at java.base/java.lang.reflect.Method.invoke(Method.java:567)
	at org.apache.maven.surefire.util.ReflectionUtils.invokeMethodWithArray(ReflectionUtils.java:189)
	at org.apache.maven.surefire.booter.ProviderFactory$ProviderProxy.invoke(ProviderFactory.java:165)
	at org.apache.maven.surefire.booter.ProviderFactory.invokeProvider(ProviderFactory.java:85)
	at org.apache.maven.surefire.booter.ForkedBooter.runSuitesInProcess(ForkedBooter.java:115)
	at org.apache.maven.surefire.booter.ForkedBooter.main(ForkedBooter.java:75)
Caused by: java.lang.ClassNotFoundException: javax.activation.DataSource
	at java.base/jdk.internal.loader.BuiltinClassLoader.loadClass(BuiltinClassLoader.java:583)
	at java.base/jdk.internal.loader.ClassLoaders$AppClassLoader.loadClass(ClassLoaders.java:178)
	at java.base/java.lang.ClassLoader.loadClass(ClassLoader.java:521)
	... 97 more
MultiException stack 2 of 2
java.lang.IllegalArgumentException: Errors were discovered while reifying SystemDescriptor(
	implementation=org.glassfish.jersey.message.internal.DataSourceProvider
	contracts={javax.ws.rs.ext.MessageBodyReader,javax.ws.rs.ext.MessageBodyWriter}
	scope=javax.inject.Singleton
	qualifiers={}
	descriptorType=CLASS
	descriptorVisibility=NORMAL
	metadata=
	rank=0
	loader=org.glassfish.hk2.utilities.binding.AbstractBinder$2@482bce4f
	proxiable=null
	proxyForSameScope=null
	analysisName=null
	id=11
	locatorId=1
	identityHashCode=912672706
	reified=false)
	at org.jvnet.hk2.internal.SystemDescriptor.reify(SystemDescriptor.java:689)
	at org.jvnet.hk2.internal.ServiceLocatorImpl.reifyDescriptor(ServiceLocatorImpl.java:416)
	at org.jvnet.hk2.internal.ServiceLocatorImpl.narrow(ServiceLocatorImpl.java:2146)
	at org.jvnet.hk2.internal.ServiceLocatorImpl.access$1000(ServiceLocatorImpl.java:120)
	at org.jvnet.hk2.internal.ServiceLocatorImpl$9.compute(ServiceLocatorImpl.java:1281)
	at org.jvnet.hk2.internal.ServiceLocatorImpl$9.compute(ServiceLocatorImpl.java:1276)
	at org.glassfish.hk2.utilities.cache.LRUHybridCache$OriginThreadAwareFuture$1.call(LRUHybridCache.java:115)
	at org.glassfish.hk2.utilities.cache.LRUHybridCache$OriginThreadAwareFuture$1.call(LRUHybridCache.java:111)
	at java.base/java.util.concurrent.FutureTask.run(FutureTask.java:264)
	at org.glassfish.hk2.utilities.cache.LRUHybridCache$OriginThreadAwareFuture.run(LRUHybridCache.java:173)
	at org.glassfish.hk2.utilities.cache.LRUHybridCache.compute(LRUHybridCache.java:292)
	at org.jvnet.hk2.internal.ServiceLocatorImpl.internalGetAllServiceHandles(ServiceLocatorImpl.java:1354)
	at org.jvnet.hk2.internal.ServiceLocatorImpl.getAllServiceHandles(ServiceLocatorImpl.java:1263)
	at org.jvnet.hk2.internal.ServiceLocatorImpl.getAllServiceHandles(ServiceLocatorImpl.java:1252)
	at org.glassfish.jersey.internal.inject.Providers.getServiceHandles(Providers.java:354)
	at org.glassfish.jersey.internal.inject.Providers.getProviders(Providers.java:187)
	at org.glassfish.jersey.message.internal.MessageBodyFactory.&lt;init&gt;(MessageBodyFactory.java:248)
	at java.base/jdk.internal.reflect.NativeConstructorAccessorImpl.newInstance0(Native Method)
	at java.base/jdk.internal.reflect.NativeConstructorAccessorImpl.newInstance(NativeConstructorAccessorImpl.java:62)
	at java.base/jdk.internal.reflect.DelegatingConstructorAccessorImpl.newInstance(DelegatingConstructorAccessorImpl.java:45)
	at java.base/java.lang.reflect.Constructor.newInstanceWithCaller(Constructor.java:500)
	at java.base/java.lang.reflect.Constructor.newInstance(Constructor.java:481)
	at org.glassfish.hk2.utilities.reflection.ReflectionHelper.makeMe(ReflectionHelper.java:1129)
	at org.jvnet.hk2.internal.ClazzCreator.createMe(ClazzCreator.java:274)
	at org.jvnet.hk2.internal.ClazzCreator.create(ClazzCreator.java:368)
	at org.jvnet.hk2.internal.SystemDescriptor.create(SystemDescriptor.java:471)
	at org.jvnet.hk2.internal.SingletonContext$1.compute(SingletonContext.java:82)
	at org.jvnet.hk2.internal.SingletonContext$1.compute(SingletonContext.java:70)
	at org.glassfish.hk2.utilities.cache.Cache$OriginThreadAwareFuture$1.call(Cache.java:97)
	at java.base/java.util.concurrent.FutureTask.run(FutureTask.java:264)
	at org.glassfish.hk2.utilities.cache.Cache$OriginThreadAwareFuture.run(Cache.java:154)
	at org.glassfish.hk2.utilities.cache.Cache.compute(Cache.java:199)
	at org.jvnet.hk2.internal.SingletonContext.findOrCreate(SingletonContext.java:121)
	at org.jvnet.hk2.internal.Utilities.createService(Utilities.java:2064)
	at org.jvnet.hk2.internal.ServiceLocatorImpl.internalGetService(ServiceLocatorImpl.java:711)
	at org.jvnet.hk2.internal.ServiceLocatorImpl.getService(ServiceLocatorImpl.java:661)
	at org.jvnet.hk2.internal.IterableProviderImpl.get(IterableProviderImpl.java:108)
	at org.glassfish.jersey.client.RequestProcessingInitializationStage.apply(RequestProcessingInitializationStage.java:97)
	at org.glassfish.jersey.client.RequestProcessingInitializationStage.apply(RequestProcessingInitializationStage.java:67)
	at org.glassfish.jersey.process.internal.Stages$LinkedStage.apply(Stages.java:308)
	at org.glassfish.jersey.process.internal.Stages.process(Stages.java:171)
	at org.glassfish.jersey.client.ClientRuntime.invoke(ClientRuntime.java:245)
	at org.glassfish.jersey.client.JerseyInvocation$1.call(JerseyInvocation.java:671)
	at org.glassfish.jersey.client.JerseyInvocation$1.call(JerseyInvocation.java:668)
	at org.glassfish.jersey.internal.Errors.process(Errors.java:315)
	at org.glassfish.jersey.internal.Errors.process(Errors.java:297)
	at org.glassfish.jersey.internal.Errors.process(Errors.java:228)
	at org.glassfish.jersey.process.internal.RequestScope.runInScope(RequestScope.java:444)
	at org.glassfish.jersey.client.JerseyInvocation.invoke(JerseyInvocation.java:668)
	at org.glassfish.jersey.client.JerseyInvocation$Builder.method(JerseyInvocation.java:428)
	at org.glassfish.jersey.client.JerseyInvocation$Builder.post(JerseyInvocation.java:334)
	at com.airhacks.doit.business.reminders.boundary.TodosResourceIT.createToDoWithHighPriorityWithoutDescription(TodosResourceIT.java:112)
	at java.base/jdk.internal.reflect.NativeMethodAccessorImpl.invoke0(Native Method)
	at java.base/jdk.internal.reflect.NativeMethodAccessorImpl.invoke(NativeMethodAccessorImpl.java:62)
	at java.base/jdk.internal.reflect.DelegatingMethodAccessorImpl.invoke(DelegatingMethodAccessorImpl.java:43)
	at java.base/java.lang.reflect.Method.invoke(Method.java:567)
	at org.junit.runners.model.FrameworkMethod$1.runReflectiveCall(FrameworkMethod.java:50)
	at org.junit.internal.runners.model.ReflectiveCallable.run(ReflectiveCallable.java:12)
	at org.junit.runners.model.FrameworkMethod.invokeExplosively(FrameworkMethod.java:47)
	at org.junit.internal.runners.statements.InvokeMethod.evaluate(InvokeMethod.java:17)
	at com.airhacks.rulz.jaxrsclient.JAXRSClientProvider$1.evaluate(JAXRSClientProvider.java:61)
	at org.junit.rules.RunRules.evaluate(RunRules.java:20)
	at org.junit.runners.ParentRunner.runLeaf(ParentRunner.java:325)
	at org.junit.runners.BlockJUnit4ClassRunner.runChild(BlockJUnit4ClassRunner.java:78)
	at org.junit.runners.BlockJUnit4ClassRunner.runChild(BlockJUnit4ClassRunner.java:57)
	at org.junit.runners.ParentRunner$3.run(ParentRunner.java:290)
	at org.junit.runners.ParentRunner$1.schedule(ParentRunner.java:71)
	at org.junit.runners.ParentRunner.runChildren(ParentRunner.java:288)
	at org.junit.runners.ParentRunner.access$000(ParentRunner.java:58)
	at org.junit.runners.ParentRunner$2.evaluate(ParentRunner.java:268)
	at org.junit.runners.ParentRunner.run(ParentRunner.java:363)
	at org.apache.maven.surefire.junit4.JUnit4Provider.execute(JUnit4Provider.java:242)
	at org.apache.maven.surefire.junit4.JUnit4Provider.executeTestSet(JUnit4Provider.java:137)
	at org.apache.maven.surefire.junit4.JUnit4Provider.invoke(JUnit4Provider.java:112)
	at java.base/jdk.internal.reflect.NativeMethodAccessorImpl.invoke0(Native Method)
	at java.base/jdk.internal.reflect.NativeMethodAccessorImpl.invoke(NativeMethodAccessorImpl.java:62)
	at java.base/jdk.internal.reflect.DelegatingMethodAccessorImpl.invoke(DelegatingMethodAccessorImpl.java:43)
	at java.base/java.lang.reflect.Method.invoke(Method.java:567)
	at org.apache.maven.surefire.util.ReflectionUtils.invokeMethodWithArray(ReflectionUtils.java:189)
	at org.apache.maven.surefire.booter.ProviderFactory$ProviderProxy.invoke(ProviderFactory.java:165)
	at org.apache.maven.surefire.booter.ProviderFactory.invokeProvider(ProviderFactory.java:85)
	at org.apache.maven.surefire.booter.ForkedBooter.runSuitesInProcess(ForkedBooter.java:115)
	at org.apache.maven.surefire.booter.ForkedBooter.main(ForkedBooter.java:75)


</system-err>
  </testcase>
</testsuite>